[0928/183613:ERROR:process_reader_win.cc(233)] ReadMemory at 0x5d5000 of 560 bytes failed: Only part of a ReadProcessMemory or WriteProcessMemory request was completed. (0x12B)
[0928/183613:ERROR:process_snapshot_win.cc(355)] ReadMemory PEB
[0928/183613:ERROR:process_reader_win.cc(233)] ReadMemory at 0x1190000 of 64 bytes failed: Only part of a ReadProcessMemory or WriteProcessMemory request was completed. (0x12B)
[0928/183613:WARNING:pe_image_reader.cc(281)] could not read dos header from C:\Program Files\Google\Chrome\Application\chrome.exe
[0928/183613:ERROR:process_reader_win.cc(233)] ReadMemory at 0x77010000 of 64 bytes failed: Only part of a ReadProcessMemory or WriteProcessMemory request was completed. (0x12B)
[0928/183613:WARNING:pe_image_reader.cc(281)] could not read dos header from C:\Windows\SYSTEM32\ntdll.dll
[0928/183613:ERROR:process_reader_win.cc(233)] ReadMemory at 0x73f10000 of 64 bytes failed: Only part of a ReadProcessMemory or WriteProcessMemory request was completed. (0x12B)
[0928/183613:WARNING:pe_image_reader.cc(281)] could not read dos header from C:\Windows\system32\KERNELBASE.dll
[0928/183613:ERROR:process_reader_win.cc(233)] ReadMemory at 0x76120000 of 64 bytes failed: Only part of a ReadProcessMemory or WriteProcessMemory request was completed. (0x12B)
[0928/183613:WARNING:pe_image_reader.cc(281)] could not read dos header from C:\Windows\system32\KERNEL32.DLL
[0928/183613:ERROR:process_reader_win.cc(233)] ReadMemory at 0x72870000 of 64 bytes failed: Only part of a ReadProcessMemory or WriteProcessMemory request was completed. (0x12B)
[0928/183613:WARNING:pe_image_reader.cc(281)] could not read dos header from C:\Windows\system32\apphelp.dll
[0928/183613:ERROR:process_reader_win.cc(233)] ReadMemory at 0x76370000 of 64 bytes failed: Only part of a ReadProcessMemory or WriteProcessMemory request was completed. (0x12B)
[0928/183613:WARNING:pe_image_reader.cc(281)] could not read dos header from C:\Windows\system32\msvcrt.dll
[0928/183613:ERROR:process_reader_win.cc(233)] ReadMemory at 0x74bf0000 of 64 bytes failed: Only part of a ReadProcessMemory or WriteProcessMemory request was completed. (0x12B)
[0928/183613:WARNING:pe_image_reader.cc(281)] could not read dos header from C:\Windows\system32\RPCRT4.dll
[0928/183613:ERROR:process_reader_win.cc(233)] ReadMemory at 0x74970000 of 64 bytes failed: Only part of a ReadProcessMemory or WriteProcessMemory request was completed. (0x12B)
[0928/183613:WARNING:pe_image_reader.cc(281)] could not read dos header from C:\Windows\system32\sechost.dll
[0928/183613:ERROR:process_reader_win.cc(233)] ReadMemory at 0x761c0000 of 64 bytes failed: Only part of a ReadProcessMemory or WriteProcessMemory request was completed. (0x12B)
[0928/183613:WARNING:pe_image_reader.cc(281)] could not read dos header from C:\Windows\system32\ADVAPI32.dll
[0928/183613:ERROR:process_reader_win.cc(233)] ReadMemory at 0x73e60000 of 64 bytes failed: Only part of a ReadProcessMemory or WriteProcessMemory request was completed. (0x12B)
[0928/183613:WARNING:pe_image_reader.cc(281)] could not read dos header from C:\Windows\system32\bcryptPrimitives.dll
[0928/183613:ERROR:process_reader_win.cc(233)] ReadMemory at 0x73910000 of 64 bytes failed: Only part of a ReadProcessMemory or WriteProcessMemory request was completed. (0x12B)
[0928/183613:WARNING:pe_image_reader.cc(281)] could not read dos header from C:\Windows\SYSTEM32\CRYPTBASE.DLL
[0928/183613:ERROR:process_reader_win.cc(233)] ReadMemory at 0x65440000 of 64 bytes failed: Only part of a ReadProcessMemory or WriteProcessMemory request was completed. (0x12B)
[0928/183613:WARNING:pe_image_reader.cc(281)] could not read dos header from C:\Program Files\Google\Chrome\Application\53.0.2785.116\chrome_elf.dll
[0928/183613:ERROR:process_reader_win.cc(233)] ReadMemory at 0x6bb50000 of 64 bytes failed: Only part of a ReadProcessMemory or WriteProcessMemory request was completed. (0x12B)
[0928/183613:WARNING:pe_image_reader.cc(281)] could not read dos header from C:\Windows\SYSTEM32\VERSION.dll
[0928/183613:ERROR:process_reader_win.cc(233)] ReadMemory at 0x745b0000 of 64 bytes failed: Only part of a ReadProcessMemory or WriteProcessMemory request was completed. (0x12B)
[0928/183613:WARNING:pe_image_reader.cc(281)] could not read dos header from C:\Windows\system32\cfgmgr32.dll
[0928/183613:ERROR:process_reader_win.cc(233)] ReadMemory at 0x725c0000 of 64 bytes failed: Only part of a ReadProcessMemory or WriteProcessMemory request was completed. (0x12B)
[0928/183613:WARNING:pe_image_reader.cc(281)] could not read dos header from C:\Windows\SYSTEM32\WINMMBASE.dll
[0928/183613:ERROR:process_reader_win.cc(233)] ReadMemory at 0x76a50000 of 64 bytes failed: Only part of a ReadProcessMemory or WriteProcessMemory request was completed. (0x12B)
[0928/183613:WARNING:pe_image_reader.cc(281)] could not read dos header from C:\Windows\system32\GDI32.dll
[0928/183613:ERROR:process_reader_win.cc(233)] ReadMemory at 0x76c10000 of 64 bytes failed: Only part of a ReadProcessMemory or WriteProcessMemory request was completed. (0x12B)
[0928/183613:WARNING:pe_image_reader.cc(281)] could not read dos header from C:\Windows\system32\USER32.dll
[0928/183613:ERROR:process_reader_win.cc(233)] ReadMemory at 0x76a20000 of 64 bytes failed: Only part of a ReadProcessMemory or WriteProcessMemory request was completed. (0x12B)
[0928/183613:WARNING:pe_image_reader.cc(281)] could not read dos header from C:\Windows\system32\IMM32.DLL
[0928/183613:ERROR:process_reader_win.cc(233)] ReadMemory at 0x72950000 of 64 bytes failed: Only part of a ReadProcessMemory or WriteProcessMemory request was completed. (0x12B)
[0928/183613:WARNING:pe_image_reader.cc(281)] could not read dos header from C:\Windows\SYSTEM32\WINMM.dll
[0928/183613:ERROR:process_reader_win.cc(233)] ReadMemory at 0x73df0000 of 64 bytes failed: Only part of a ReadProcessMemory or WriteProcessMemory request was completed. (0x12B)
[0928/183613:WARNING:pe_image_reader.cc(281)] could not read dos header from C:\Windows\system32\profapi.dll
[0928/183613:ERROR:process_reader_win.cc(233)] ReadMemory at 0x73650000 of 64 bytes failed: Only part of a ReadProcessMemory or WriteProcessMemory request was completed. (0x12B)
[0928/183613:WARNING:pe_image_reader.cc(281)] could not read dos header from C:\Windows\SYSTEM32\USERENV.dll
[0928/183613:ERROR:process_reader_win.cc(233)] ReadMemory at 0x721b0000 of 64 bytes failed: Only part of a ReadProcessMemory or WriteProcessMemory request was completed. (0x12B)
[0928/183613:WARNING:pe_image_reader.cc(281)] could not read dos header from C:\Windows\SYSTEM32\WTSAPI32.dll
[0928/183613:ERROR:process_reader_win.cc(233)] ReadMemory at 0x6f710000 of 64 bytes failed: Only part of a ReadProcessMemory or WriteProcessMemory request was completed. (0x12B)
[0928/183613:WARNING:pe_image_reader.cc(281)] could not read dos header from C:\Windows\SYSTEM32\WINHTTP.dll
[0928/183613:ERROR:process_reader_win.cc(233)] ReadMemory at 0x76db0000 of 64 bytes failed: Only part of a ReadProcessMemory or WriteProcessMemory request was completed. (0x12B)
[0928/183613:WARNING:pe_image_reader.cc(281)] could not read dos header from C:\Windows\system32\combase.dll
[0928/183613:ERROR:process_reader_win.cc(233)] ReadMemory at 0x76450000 of 64 bytes failed: Only part of a ReadProcessMemory or WriteProcessMemory request was completed. (0x12B)
[0928/183613:WARNING:pe_image_reader.cc(281)] could not read dos header from C:\Windows\system32\shlwapi.dll
[0928/183613:ERROR:process_reader_win.cc(233)] ReadMemory at 0x73dd0000 of 64 bytes failed: Only part of a ReadProcessMemory or WriteProcessMemory request was completed. (0x12B)
[0928/183613:WARNING:pe_image_reader.cc(281)] could not read dos header from C:\Windows\system32\kernel.appcore.dll
[0928/183613:ERROR:process_reader_win.cc(233)] ReadMemory at 0x76240000 of 64 bytes failed: Only part of a ReadProcessMemory or WriteProcessMemory request was completed. (0x12B)
[0928/183613:WARNING:pe_image_reader.cc(281)] could not read dos header from C:\Windows\system32\shcore.dll
[0928/183613:ERROR:process_reader_win.cc(233)] ReadMemory at 0x73d80000 of 64 bytes failed: Only part of a ReadProcessMemory or WriteProcessMemory request was completed. (0x12B)
[0928/183613:WARNING:pe_image_reader.cc(281)] could not read dos header from C:\Windows\system32\powrprof.dll
[0928/183613:ERROR:process_reader_win.cc(233)] ReadMemory at 0x74090000 of 64 bytes failed: Only part of a ReadProcessMemory or WriteProcessMemory request was completed. (0x12B)
[0928/183613:WARNING:pe_image_reader.cc(281)] could not read dos header from C:\Windows\system32\windows.storage.dll
[0928/183613:ERROR:process_reader_win.cc(233)] ReadMemory at 0x74d20000 of 64 bytes failed: Only part of a ReadProcessMemory or WriteProcessMemory request was completed. (0x12B)
[0928/183613:WARNING:pe_image_reader.cc(281)] could not read dos header from C:\Windows\system32\SHELL32.dll
[0928/183613:ERROR:process_reader_win.cc(233)] ReadMemory at 0x77000000 of 64 bytes failed: Only part of a ReadProcessMemory or WriteProcessMemory request was completed. (0x12B)
[0928/183613:WARNING:pe_image_reader.cc(281)] could not read dos header from C:\Windows\system32\PSAPI.DLL
[0928/183613:ERROR:process_reader_win.cc(233)] ReadMemory at 0x73ce0000 of 64 bytes failed: Only part of a ReadProcessMemory or WriteProcessMemory request was completed. (0x12B)
[0928/183613:WARNING:pe_image_reader.cc(281)] could not read dos header from C:\Windows\SYSTEM32\bcrypt.dll
[0928/183613:ERROR:process_reader_win.cc(233)] ReadMemory at 0x68fc0000 of 64 bytes failed: Only part of a ReadProcessMemory or WriteProcessMemory request was completed. (0x12B)
[0928/183613:WARNING:pe_image_reader.cc(281)] could not read dos header from C:\Windows\SYSTEM32\WINSPOOL.DRV
[0928/183613:ERROR:process_reader_win.cc(233)] ReadMemory at 0x6d1b0000 of 64 bytes failed: Only part of a ReadProcessMemory or WriteProcessMemory request was completed. (0x12B)
[0928/183613:WARNING:pe_image_reader.cc(281)] could not read dos header from C:\Windows\WinSxS\x86_microsoft.windows.common-controls_6595b64144ccf1df_6.0.10586.589_none_ea8aeaa1b9b5d5d4\COMCTL32.dll
[0928/183613:ERROR:process_reader_win.cc(233)] ReadMemory at 0x73e00000 of 64 bytes failed: Only part of a ReadProcessMemory or WriteProcessMemory request was completed. (0x12B)
[0928/183613:WARNING:pe_image_reader.cc(281)] could not read dos header from C:\Windows\system32\FirewallAPI.dll
[0928/183613:ERROR:process_reader_win.cc(233)] ReadMemory at 0x72e30000 of 64 bytes failed: Only part of a ReadProcessMemory or WriteProcessMemory request was completed. (0x12B)
[0928/183613:WARNING:pe_image_reader.cc(281)] could not read dos header from C:\Windows\system32\fwbase.dll
[0928/183613:ERROR:process_reader_win.cc(233)] ReadMemory at 0x74590000 of 64 bytes failed: Only part of a ReadProcessMemory or WriteProcessMemory request was completed. (0x12B)
[0928/183613:WARNING:pe_image_reader.cc(281)] could not read dos header from C:\Windows\system32\NETAPI32.dll
[0928/183613:ERROR:process_reader_win.cc(233)] ReadMemory at 0x6b770000 of 64 bytes failed: Only part of a ReadProcessMemory or WriteProcessMemory request was completed. (0x12B)
[0928/183613:WARNING:pe_image_reader.cc(281)] could not read dos header from C:\Windows\SYSTEM32\DAVHLPR.DLL
[0928/183613:ERROR:process_reader_win.cc(233)] ReadMemory at 0x74af0000 of 64 bytes failed: Only part of a ReadProcessMemory or WriteProcessMemory request was completed. (0x12B)
[0928/183613:WARNING:pe_image_reader.cc(281)] could not read dos header from C:\Windows\system32\COMDLG32.dll
[0928/183613:ERROR:process_reader_win.cc(233)] ReadMemory at 0x74810000 of 64 bytes failed: Only part of a ReadProcessMemory or WriteProcessMemory request was completed. (0x12B)
[0928/183613:WARNING:pe_image_reader.cc(281)] could not read dos header from C:\Windows\system32\ole32.dll
[0928/183613:ERROR:process_reader_win.cc(233)] ReadMemory at 0x762d0000 of 64 bytes failed: Only part of a ReadProcessMemory or WriteProcessMemory request was completed. (0x12B)
[0928/183613:WARNING:pe_image_reader.cc(281)] could not read dos header from C:\Windows\system32\OLEAUT32.dll
[0928/183613:ERROR:process_reader_win.cc(233)] ReadMemory at 0x6fd70000 of 64 bytes failed: Only part of a ReadProcessMemory or WriteProcessMemory request was completed. (0x12B)
[0928/183613:WARNING:pe_image_reader.cc(281)] could not read dos header from C:\Windows\SYSTEM32\IPHLPAPI.DLL
[0928/183613:ERROR:process_reader_win.cc(233)] ReadMemory at 0x76bb0000 of 64 bytes failed: Only part of a ReadProcessMemory or WriteProcessMemory request was completed. (0x12B)
[0928/183613:WARNING:pe_image_reader.cc(281)] could not read dos header from C:\Windows\system32\WS2_32.dll
[0928/183613:ERROR:process_reader_win.cc(233)] ReadMemory at 0x653e0000 of 64 bytes failed: Only part of a ReadProcessMemory or WriteProcessMemory request was completed. (0x12B)
[0928/183613:WARNING:pe_image_reader.cc(281)] could not read dos header from C:\Windows\SYSTEM32\USP10.dll
[0928/183613:ERROR:process_reader_win.cc(233)] ReadMemory at 0x73de0000 of 64 bytes failed: Only part of a ReadProcessMemory or WriteProcessMemory request was completed. (0x12B)
[0928/183613:WARNING:pe_image_reader.cc(281)] could not read dos header from C:\Windows\system32\MSASN1.dll
[0928/183613:ERROR:process_reader_win.cc(233)] ReadMemory at 0x745f0000 of 64 bytes failed: Only part of a ReadProcessMemory or WriteProcessMemory request was completed. (0x12B)
[0928/183613:WARNING:pe_image_reader.cc(281)] could not read dos header from C:\Windows\system32\CRYPT32.dll
[0928/183613:ERROR:process_reader_win.cc(233)] ReadMemory at 0x73ec0000 of 64 bytes failed: Only part of a ReadProcessMemory or WriteProcessMemory request was completed. (0x12B)
[0928/183613:WARNING:pe_image_reader.cc(281)] could not read dos header from C:\Windows\system32\WINTRUST.dll
[0928/183613:ERROR:process_reader_win.cc(233)] ReadMemory at 0x6bbd0000 of 64 bytes failed: Only part of a ReadProcessMemory or WriteProcessMemory request was completed. (0x12B)
[0928/183613:WARNING:pe_image_reader.cc(281)] could not read dos header from C:\Windows\SYSTEM32\Secur32.dll
[0928/183613:ERROR:process_reader_win.cc(233)] ReadMemory at 0x73a90000 of 64 bytes failed: Only part of a ReadProcessMemory or WriteProcessMemory request was completed. (0x12B)
[0928/183613:WARNING:pe_image_reader.cc(281)] could not read dos header from C:\Windows\SYSTEM32\SSPICLI.DLL
[0928/183613:ERROR:process_reader_win.cc(233)] ReadMemory at 0x51490000 of 64 bytes failed: Only part of a ReadProcessMemory or WriteProcessMemory request was completed. (0x12B)
[0928/183613:WARNING:pe_image_reader.cc(281)] could not read dos header from C:\Program Files\Google\Chrome\Application\53.0.2785.116\chrome_child.dll
[0928/183613:ERROR:process_reader_win.cc(233)] ReadMemory at 0x6ed00000 of 64 bytes failed: Only part of a ReadProcessMemory or WriteProcessMemory request was completed. (0x12B)
[0928/183613:WARNING:pe_image_reader.cc(281)] could not read dos header from C:\Windows\SYSTEM32\dwrite.dll
[0928/183613:ERROR:process_reader_win.cc(233)] ReadMemory at 0x7711aae0 of 5888 bytes failed: Only part of a ReadProcessMemory or WriteProcessMemory request was completed. (0x12B)
[0928/183613:ERROR:process_reader_win.cc(233)] ReadMemory at 0x1190000 of 64 bytes failed: Only part of a ReadProcessMemory or WriteProcessMemory request was completed. (0x12B)
[0928/183613:WARNING:pe_image_reader.cc(281)] could not read dos header from C:\Program Files\Google\Chrome\Application\chrome.exe
[0928/183613:ERROR:process_reader_win.cc(233)] ReadMemory at 0x77010000 of 64 bytes failed: Only part of a ReadProcessMemory or WriteProcessMemory request was completed. (0x12B)
[0928/183613:WARNING:pe_image_reader.cc(281)] could not read dos header from C:\Windows\SYSTEM32\ntdll.dll
[0928/183613:ERROR:process_reader_win.cc(233)] ReadMemory at 0x73f10000 of 64 bytes failed: Only part of a ReadProcessMemory or WriteProcessMemory request was completed. (0x12B)
[0928/183613:WARNING:pe_image_reader.cc(281)] could not read dos header from C:\Windows\system32\KERNELBASE.dll
[0928/183613:ERROR:process_reader_win.cc(233)] ReadMemory at 0x76120000 of 64 bytes failed: Only part of a ReadProcessMemory or WriteProcessMemory request was completed. (0x12B)
[0928/183613:WARNING:pe_image_reader.cc(281)] could not read dos header from C:\Windows\system32\KERNEL32.DLL
[0928/183613:ERROR:process_reader_win.cc(233)] ReadMemory at 0x72870000 of 64 bytes failed: Only part of a ReadProcessMemory or WriteProcessMemory request was completed. (0x12B)
[0928/183613:WARNING:pe_image_reader.cc(281)] could not read dos header from C:\Windows\system32\apphelp.dll
[0928/183613:ERROR:process_reader_win.cc(233)] ReadMemory at 0x76370000 of 64 bytes failed: Only part of a ReadProcessMemory or WriteProcessMemory request was completed. (0x12B)
[0928/183613:WARNING:pe_image_reader.cc(281)] could not read dos header from C:\Windows\system32\msvcrt.dll
[0928/183613:ERROR:process_reader_win.cc(233)] ReadMemory at 0x74bf0000 of 64 bytes failed: Only part of a ReadProcessMemory or WriteProcessMemory request was completed. (0x12B)
[0928/183613:WARNING:pe_image_reader.cc(281)] could not read dos header from C:\Windows\system32\RPCRT4.dll
[0928/183613:ERROR:process_reader_win.cc(233)] ReadMemory at 0x74970000 of 64 bytes failed: Only part of a ReadProcessMemory or WriteProcessMemory request was completed. (0x12B)
[0928/183613:WARNING:pe_image_reader.cc(281)] could not read dos header from C:\Windows\system32\sechost.dll
[0928/183613:ERROR:process_reader_win.cc(233)] ReadMemory at 0x761c0000 of 64 bytes failed: Only part of a ReadProcessMemory or WriteProcessMemory request was completed. (0x12B)
[0928/183613:WARNING:pe_image_reader.cc(281)] could not read dos header from C:\Windows\system32\ADVAPI32.dll
[0928/183613:ERROR:process_reader_win.cc(233)] ReadMemory at 0x73e60000 of 64 bytes failed: Only part of a ReadProcessMemory or WriteProcessMemory request was completed. (0x12B)
[0928/183613:WARNING:pe_image_reader.cc(281)] could not read dos header from C:\Windows\system32\bcryptPrimitives.dll
[0928/183613:ERROR:process_reader_win.cc(233)] ReadMemory at 0x73910000 of 64 bytes failed: Only part of a ReadProcessMemory or WriteProcessMemory request was completed. (0x12B)
[0928/183613:WARNING:pe_image_reader.cc(281)] could not read dos header from C:\Windows\SYSTEM32\CRYPTBASE.DLL
[0928/183613:ERROR:process_reader_win.cc(233)] ReadMemory at 0x65440000 of 64 bytes failed: Only part of a ReadProcessMemory or WriteProcessMemory request was completed. (0x12B)
[0928/183613:WARNING:pe_image_reader.cc(281)] could not read dos header from C:\Program Files\Google\Chrome\Application\53.0.2785.116\chrome_elf.dll
[0928/183613:ERROR:process_reader_win.cc(233)] ReadMemory at 0x6bb50000 of 64 bytes failed: Only part of a ReadProcessMemory or WriteProcessMemory request was completed. (0x12B)
[0928/183613:WARNING:pe_image_reader.cc(281)] could not read dos header from C:\Windows\SYSTEM32\VERSION.dll
[0928/183613:ERROR:process_reader_win.cc(233)] ReadMemory at 0x745b0000 of 64 bytes failed: Only part of a ReadProcessMemory or WriteProcessMemory request was completed. (0x12B)
[0928/183613:WARNING:pe_image_reader.cc(281)] could not read dos header from C:\Windows\system32\cfgmgr32.dll
[0928/183613:ERROR:process_reader_win.cc(233)] ReadMemory at 0x725c0000 of 64 bytes failed: Only part of a ReadProcessMemory or WriteProcessMemory request was completed. (0x12B)
[0928/183613:WARNING:pe_image_reader.cc(281)] could not read dos header from C:\Windows\SYSTEM32\WINMMBASE.dll
[0928/183613:ERROR:process_reader_win.cc(233)] ReadMemory at 0x76a50000 of 64 bytes failed: Only part of a ReadProcessMemory or WriteProcessMemory request was completed. (0x12B)
[0928/183613:WARNING:pe_image_reader.cc(281)] could not read dos header from C:\Windows\system32\GDI32.dll
[0928/183613:ERROR:process_reader_win.cc(233)] ReadMemory at 0x76c10000 of 64 bytes failed: Only part of a ReadProcessMemory or WriteProcessMemory request was completed. (0x12B)
[0928/183613:WARNING:pe_image_reader.cc(281)] could not read dos header from C:\Windows\system32\USER32.dll
[0928/183613:ERROR:process_reader_win.cc(233)] ReadMemory at 0x76a20000 of 64 bytes failed: Only part of a ReadProcessMemory or WriteProcessMemory request was completed. (0x12B)
[0928/183613:WARNING:pe_image_reader.cc(281)] could not read dos header from C:\Windows\system32\IMM32.DLL
[0928/183613:ERROR:process_reader_win.cc(233)] ReadMemory at 0x72950000 of 64 bytes failed: Only part of a ReadProcessMemory or WriteProcessMemory request was completed. (0x12B)
[0928/183613:WARNING:pe_image_reader.cc(281)] could not read dos header from C:\Windows\SYSTEM32\WINMM.dll
[0928/183613:ERROR:process_reader_win.cc(233)] ReadMemory at 0x73df0000 of 64 bytes failed: Only part of a ReadProcessMemory or WriteProcessMemory request was completed. (0x12B)
[0928/183613:WARNING:pe_image_reader.cc(281)] could not read dos header from C:\Windows\system32\profapi.dll
[0928/183613:ERROR:process_reader_win.cc(233)] ReadMemory at 0x73650000 of 64 bytes failed: Only part of a ReadProcessMemory or WriteProcessMemory request was completed. (0x12B)
[0928/183613:WARNING:pe_image_reader.cc(281)] could not read dos header from C:\Windows\SYSTEM32\USERENV.dll
[0928/183613:ERROR:process_reader_win.cc(233)] ReadMemory at 0x721b0000 of 64 bytes failed: Only part of a ReadProcessMemory or WriteProcessMemory request was completed. (0x12B)
[0928/183613:WARNING:pe_image_reader.cc(281)] could not read dos header from C:\Windows\SYSTEM32\WTSAPI32.dll
[0928/183613:ERROR:process_reader_win.cc(233)] ReadMemory at 0x6f710000 of 64 bytes failed: Only part of a ReadProcessMemory or WriteProcessMemory request was completed. (0x12B)
[0928/183613:WARNING:pe_image_reader.cc(281)] could not read dos header from C:\Windows\SYSTEM32\WINHTTP.dll
[0928/183613:ERROR:process_reader_win.cc(233)] ReadMemory at 0x76db0000 of 64 bytes failed: Only part of a ReadProcessMemory or WriteProcessMemory request was completed. (0x12B)
[0928/183613:WARNING:pe_image_reader.cc(281)] could not read dos header from C:\Windows\system32\combase.dll
[0928/183613:ERROR:process_reader_win.cc(233)] ReadMemory at 0x76450000 of 64 bytes failed: Only part of a ReadProcessMemory or WriteProcessMemory request was completed. (0x12B)
[0928/183613:WARNING:pe_image_reader.cc(281)] could not read dos header from C:\Windows\system32\shlwapi.dll
[0928/183613:ERROR:process_reader_win.cc(233)] ReadMemory at 0x73dd0000 of 64 bytes failed: Only part of a ReadProcessMemory or WriteProcessMemory request was completed. (0x12B)
[0928/183613:WARNING:pe_image_reader.cc(281)] could not read dos header from C:\Windows\system32\kernel.appcore.dll
[0928/183613:ERROR:process_reader_win.cc(233)] ReadMemory at 0x76240000 of 64 bytes failed: Only part of a ReadProcessMemory or WriteProcessMemory request was completed. (0x12B)
[0928/183613:WARNING:pe_image_reader.cc(281)] could not read dos header from C:\Windows\system32\shcore.dll
[0928/183613:ERROR:process_reader_win.cc(233)] ReadMemory at 0x73d80000 of 64 bytes failed: Only part of a ReadProcessMemory or WriteProcessMemory request was completed. (0x12B)
[0928/183613:WARNING:pe_image_reader.cc(281)] could not read dos header from C:\Windows\system32\powrprof.dll
[0928/183613:ERROR:process_reader_win.cc(233)] ReadMemory at 0x74090000 of 64 bytes failed: Only part of a ReadProcessMemory or WriteProcessMemory request was completed. (0x12B)
[0928/183613:WARNING:pe_image_reader.cc(281)] could not read dos header from C:\Windows\system32\windows.storage.dll
[0928/183613:ERROR:process_reader_win.cc(233)] ReadMemory at 0x74d20000 of 64 bytes failed: Only part of a ReadProcessMemory or WriteProcessMemory request was completed. (0x12B)
[0928/183613:WARNING:pe_image_reader.cc(281)] could not read dos header from C:\Windows\system32\SHELL32.dll
[0928/183613:ERROR:process_reader_win.cc(233)] ReadMemory at 0x77000000 of 64 bytes failed: Only part of a ReadProcessMemory or WriteProcessMemory request was completed. (0x12B)
[0928/183613:WARNING:pe_image_reader.cc(281)] could not read dos header from C:\Windows\system32\PSAPI.DLL
[0928/183613:ERROR:process_reader_win.cc(233)] ReadMemory at 0x73ce0000 of 64 bytes failed: Only part of a ReadProcessMemory or WriteProcessMemory request was completed. (0x12B)
[0928/183613:WARNING:pe_image_reader.cc(281)] could not read dos header from C:\Windows\SYSTEM32\bcrypt.dll
[0928/183613:ERROR:process_reader_win.cc(233)] ReadMemory at 0x68fc0000 of 64 bytes failed: Only part of a ReadProcessMemory or WriteProcessMemory request was completed. (0x12B)
[0928/183613:WARNING:pe_image_reader.cc(281)] could not read dos header from C:\Windows\SYSTEM32\WINSPOOL.DRV
[0928/183613:ERROR:process_reader_win.cc(233)] ReadMemory at 0x6d1b0000 of 64 bytes failed: Only part of a ReadProcessMemory or WriteProcessMemory request was completed. (0x12B)
[0928/183613:WARNING:pe_image_reader.cc(281)] could not read dos header from C:\Windows\WinSxS\x86_microsoft.windows.common-controls_6595b64144ccf1df_6.0.10586.589_none_ea8aeaa1b9b5d5d4\COMCTL32.dll
[0928/183613:ERROR:process_reader_win.cc(233)] ReadMemory at 0x73e00000 of 64 bytes failed: Only part of a ReadProcessMemory or WriteProcessMemory request was completed. (0x12B)
[0928/183613:WARNING:pe_image_reader.cc(281)] could not read dos header from C:\Windows\system32\FirewallAPI.dll
[0928/183613:ERROR:process_reader_win.cc(233)] ReadMemory at 0x72e30000 of 64 bytes failed: Only part of a ReadProcessMemory or WriteProcessMemory request was completed. (0x12B)
[0928/183613:WARNING:pe_image_reader.cc(281)] could not read dos header from C:\Windows\system32\fwbase.dll
[0928/183613:ERROR:process_reader_win.cc(233)] ReadMemory at 0x74590000 of 64 bytes failed: Only part of a ReadProcessMemory or WriteProcessMemory request was completed. (0x12B)
[0928/183613:WARNING:pe_image_reader.cc(281)] could not read dos header from C:\Windows\system32\NETAPI32.dll
[0928/183613:ERROR:process_reader_win.cc(233)] ReadMemory at 0x6b770000 of 64 bytes failed: Only part of a ReadProcessMemory or WriteProcessMemory request was completed. (0x12B)
[0928/183613:WARNING:pe_image_reader.cc(281)] could not read dos header from C:\Windows\SYSTEM32\DAVHLPR.DLL
[0928/183613:ERROR:process_reader_win.cc(233)] ReadMemory at 0x74af0000 of 64 bytes failed: Only part of a ReadProcessMemory or WriteProcessMemory request was completed. (0x12B)
[0928/183613:WARNING:pe_image_reader.cc(281)] could not read dos header from C:\Windows\system32\COMDLG32.dll
[0928/183613:ERROR:process_reader_win.cc(233)] ReadMemory at 0x74810000 of 64 bytes failed: Only part of a ReadProcessMemory or WriteProcessMemory request was completed. (0x12B)
[0928/183613:WARNING:pe_image_reader.cc(281)] could not read dos header from C:\Windows\system32\ole32.dll
[0928/183613:ERROR:process_reader_win.cc(233)] ReadMemory at 0x762d0000 of 64 bytes failed: Only part of a ReadProcessMemory or WriteProcessMemory request was completed. (0x12B)
[0928/183613:WARNING:pe_image_reader.cc(281)] could not read dos header from C:\Windows\system32\OLEAUT32.dll
[0928/183613:ERROR:process_reader_win.cc(233)] ReadMemory at 0x6fd70000 of 64 bytes failed: Only part of a ReadProcessMemory or WriteProcessMemory request was completed. (0x12B)
[0928/183613:WARNING:pe_image_reader.cc(281)] could not read dos header from C:\Windows\SYSTEM32\IPHLPAPI.DLL
[0928/183613:ERROR:process_reader_win.cc(233)] ReadMemory at 0x76bb0000 of 64 bytes failed: Only part of a ReadProcessMemory or WriteProcessMemory request was completed. (0x12B)
[0928/183613:WARNING:pe_image_reader.cc(281)] could not read dos header from C:\Windows\system32\WS2_32.dll
[0928/183613:ERROR:process_reader_win.cc(233)] ReadMemory at 0x653e0000 of 64 bytes failed: Only part of a ReadProcessMemory or WriteProcessMemory request was completed. (0x12B)
[0928/183613:WARNING:pe_image_reader.cc(281)] could not read dos header from C:\Windows\SYSTEM32\USP10.dll
[0928/183613:ERROR:process_reader_win.cc(233)] ReadMemory at 0x73de0000 of 64 bytes failed: Only part of a ReadProcessMemory or WriteProcessMemory request was completed. (0x12B)
[0928/183613:WARNING:pe_image_reader.cc(281)] could not read dos header from C:\Windows\system32\MSASN1.dll
[0928/183613:ERROR:process_reader_win.cc(233)] ReadMemory at 0x745f0000 of 64 bytes failed: Only part of a ReadProcessMemory or WriteProcessMemory request was completed. (0x12B)
[0928/183613:WARNING:pe_image_reader.cc(281)] could not read dos header from C:\Windows\system32\CRYPT32.dll
[0928/183613:ERROR:process_reader_win.cc(233)] ReadMemory at 0x73ec0000 of 64 bytes failed: Only part of a ReadProcessMemory or WriteProcessMemory request was completed. (0x12B)
[0928/183613:WARNING:pe_image_reader.cc(281)] could not read dos header from C:\Windows\system32\WINTRUST.dll
[0928/183613:ERROR:process_reader_win.cc(233)] ReadMemory at 0x6bbd0000 of 64 bytes failed: Only part of a ReadProcessMemory or WriteProcessMemory request was completed. (0x12B)
[0928/183613:WARNING:pe_image_reader.cc(281)] could not read dos header from C:\Windows\SYSTEM32\Secur32.dll
[0928/183613:ERROR:process_reader_win.cc(233)] ReadMemory at 0x73a90000 of 64 bytes failed: Only part of a ReadProcessMemory or WriteProcessMemory request was completed. (0x12B)
[0928/183613:WARNING:pe_image_reader.cc(281)] could not read dos header from C:\Windows\SYSTEM32\SSPICLI.DLL
[0928/183613:ERROR:process_reader_win.cc(233)] ReadMemory at 0x51490000 of 64 bytes failed: Only part of a ReadProcessMemory or WriteProcessMemory request was completed. (0x12B)
[0928/183613:WARNING:pe_image_reader.cc(281)] could not read dos header from C:\Program Files\Google\Chrome\Application\53.0.2785.116\chrome_child.dll
[0928/183613:ERROR:process_reader_win.cc(233)] ReadMemory at 0x6ed00000 of 64 bytes failed: Only part of a ReadProcessMemory or WriteProcessMemory request was completed. (0x12B)
[0928/183613:WARNING:pe_image_reader.cc(281)] could not read dos header from C:\Windows\SYSTEM32\dwrite.dll
[0928/183613:ERROR:process_reader_win.cc(233)] ReadMemory at 0x1190000 of 64 bytes failed: Only part of a ReadProcessMemory or WriteProcessMemory request was completed. (0x12B)
[0928/183613:WARNING:pe_image_reader.cc(281)] could not read dos header from C:\Program Files\Google\Chrome\Application\chrome.exe
[0928/183613:ERROR:process_reader_win.cc(233)] ReadMemory at 0x77010000 of 64 bytes failed: Only part of a ReadProcessMemory or WriteProcessMemory request was completed. (0x12B)
[0928/183613:WARNING:pe_image_reader.cc(281)] could not read dos header from C:\Windows\SYSTEM32\ntdll.dll
[0928/183613:ERROR:process_reader_win.cc(233)] ReadMemory at 0x73f10000 of 64 bytes failed: Only part of a ReadProcessMemory or WriteProcessMemory request was completed. (0x12B)
[0928/183613:WARNING:pe_image_reader.cc(281)] could not read dos header from C:\Windows\system32\KERNELBASE.dll
[0928/183613:ERROR:process_reader_win.cc(233)] ReadMemory at 0x76120000 of 64 bytes failed: Only part of a ReadProcessMemory or WriteProcessMemory request was completed. (0x12B)
[0928/183613:WARNING:pe_image_reader.cc(281)] could not read dos header from C:\Windows\system32\KERNEL32.DLL
[0928/183613:ERROR:process_reader_win.cc(233)] ReadMemory at 0x72870000 of 64 bytes failed: Only part of a ReadProcessMemory or WriteProcessMemory request was completed. (0x12B)
[0928/183613:WARNING:pe_image_reader.cc(281)] could not read dos header from C:\Windows\system32\apphelp.dll
[0928/183613:ERROR:process_reader_win.cc(233)] ReadMemory at 0x76370000 of 64 bytes failed: Only part of a ReadProcessMemory or WriteProcessMemory request was completed. (0x12B)
[0928/183613:WARNING:pe_image_reader.cc(281)] could not read dos header from C:\Windows\system32\msvcrt.dll
[0928/183613:ERROR:process_reader_win.cc(233)] ReadMemory at 0x74bf0000 of 64 bytes failed: Only part of a ReadProcessMemory or WriteProcessMemory request was completed. (0x12B)
[0928/183613:WARNING:pe_image_reader.cc(281)] could not read dos header from C:\Windows\system32\RPCRT4.dll
[0928/183613:ERROR:process_reader_win.cc(233)] ReadMemory at 0x74970000 of 64 bytes failed: Only part of a ReadProcessMemory or WriteProcessMemory request was completed. (0x12B)
[0928/183613:WARNING:pe_image_reader.cc(281)] could not read dos header from C:\Windows\system32\sechost.dll
[0928/183613:ERROR:process_reader_win.cc(233)] ReadMemory at 0x761c0000 of 64 bytes failed: Only part of a ReadProcessMemory or WriteProcessMemory request was completed. (0x12B)
[0928/183613:WARNING:pe_image_reader.cc(281)] could not read dos header from C:\Windows\system32\ADVAPI32.dll
[0928/183613:ERROR:process_reader_win.cc(233)] ReadMemory at 0x73e60000 of 64 bytes failed: Only part of a ReadProcessMemory or WriteProcessMemory request was completed. (0x12B)
[0928/183613:WARNING:pe_image_reader.cc(281)] could not read dos header from C:\Windows\system32\bcryptPrimitives.dll
[0928/183613:ERROR:process_reader_win.cc(233)] ReadMemory at 0x73910000 of 64 bytes failed: Only part of a ReadProcessMemory or WriteProcessMemory request was completed. (0x12B)
[0928/183613:WARNING:pe_image_reader.cc(281)] could not read dos header from C:\Windows\SYSTEM32\CRYPTBASE.DLL
[0928/183613:ERROR:process_reader_win.cc(233)] ReadMemory at 0x65440000 of 64 bytes failed: Only part of a ReadProcessMemory or WriteProcessMemory request was completed. (0x12B)
[0928/183613:WARNING:pe_image_reader.cc(281)] could not read dos header from C:\Program Files\Google\Chrome\Application\53.0.2785.116\chrome_elf.dll
[0928/183613:ERROR:process_reader_win.cc(233)] ReadMemory at 0x6bb50000 of 64 bytes failed: Only part of a ReadProcessMemory or WriteProcessMemory request was completed. (0x12B)
[0928/183613:WARNING:pe_image_reader.cc(281)] could not read dos header from C:\Windows\SYSTEM32\VERSION.dll
[0928/183613:ERROR:process_reader_win.cc(233)] ReadMemory at 0x745b0000 of 64 bytes failed: Only part of a ReadProcessMemory or WriteProcessMemory request was completed. (0x12B)
[0928/183613:WARNING:pe_image_reader.cc(281)] could not read dos header from C:\Windows\system32\cfgmgr32.dll
[0928/183613:ERROR:process_reader_win.cc(233)] ReadMemory at 0x725c0000 of 64 bytes failed: Only part of a ReadProcessMemory or WriteProcessMemory request was completed. (0x12B)
[0928/183613:WARNING:pe_image_reader.cc(281)] could not read dos header from C:\Windows\SYSTEM32\WINMMBASE.dll
[0928/183613:ERROR:process_reader_win.cc(233)] ReadMemory at 0x76a50000 of 64 bytes failed: Only part of a ReadProcessMemory or WriteProcessMemory request was completed. (0x12B)
[0928/183613:WARNING:pe_image_reader.cc(281)] could not read dos header from C:\Windows\system32\GDI32.dll
[0928/183613:ERROR:process_reader_win.cc(233)] ReadMemory at 0x76c10000 of 64 bytes failed: Only part of a ReadProcessMemory or WriteProcessMemory request was completed. (0x12B)
[0928/183613:WARNING:pe_image_reader.cc(281)] could not read dos header from C:\Windows\system32\USER32.dll
[0928/183613:ERROR:process_reader_win.cc(233)] ReadMemory at 0x76a20000 of 64 bytes failed: Only part of a ReadProcessMemory or WriteProcessMemory request was completed. (0x12B)
[0928/183613:WARNING:pe_image_reader.cc(281)] could not read dos header from C:\Windows\system32\IMM32.DLL
[0928/183613:ERROR:process_reader_win.cc(233)] ReadMemory at 0x72950000 of 64 bytes failed: Only part of a ReadProcessMemory or WriteProcessMemory request was completed. (0x12B)
[0928/183613:WARNING:pe_image_reader.cc(281)] could not read dos header from C:\Windows\SYSTEM32\WINMM.dll
[0928/183613:ERROR:process_reader_win.cc(233)] ReadMemory at 0x73df0000 of 64 bytes failed: Only part of a ReadProcessMemory or WriteProcessMemory request was completed. (0x12B)
[0928/183613:WARNING:pe_image_reader.cc(281)] could not read dos header from C:\Windows\system32\profapi.dll
[0928/183613:ERROR:process_reader_win.cc(233)] ReadMemory at 0x73650000 of 64 bytes failed: Only part of a ReadProcessMemory or WriteProcessMemory request was completed. (0x12B)
[0928/183613:WARNING:pe_image_reader.cc(281)] could not read dos header from C:\Windows\SYSTEM32\USERENV.dll
[0928/183613:ERROR:process_reader_win.cc(233)] ReadMemory at 0x721b0000 of 64 bytes failed: Only part of a ReadProcessMemory or WriteProcessMemory request was completed. (0x12B)
[0928/183613:WARNING:pe_image_reader.cc(281)] could not read dos header from C:\Windows\SYSTEM32\WTSAPI32.dll
[0928/183613:ERROR:process_reader_win.cc(233)] ReadMemory at 0x6f710000 of 64 bytes failed: Only part of a ReadProcessMemory or WriteProcessMemory request was completed. (0x12B)
[0928/183613:WARNING:pe_image_reader.cc(281)] could not read dos header from C:\Windows\SYSTEM32\WINHTTP.dll
[0928/183613:ERROR:process_reader_win.cc(233)] ReadMemory at 0x76db0000 of 64 bytes failed: Only part of a ReadProcessMemory or WriteProcessMemory request was completed. (0x12B)
[0928/183613:WARNING:pe_image_reader.cc(281)] could not read dos header from C:\Windows\system32\combase.dll
[0928/183613:ERROR:process_reader_win.cc(233)] ReadMemory at 0x76450000 of 64 bytes failed: Only part of a ReadProcessMemory or WriteProcessMemory request was completed. (0x12B)
[0928/183613:WARNING:pe_image_reader.cc(281)] could not read dos header from C:\Windows\system32\shlwapi.dll
[0928/183613:ERROR:process_reader_win.cc(233)] ReadMemory at 0x73dd0000 of 64 bytes failed: Only part of a ReadProcessMemory or WriteProcessMemory request was completed. (0x12B)
[0928/183613:WARNING:pe_image_reader.cc(281)] could not read dos header from C:\Windows\system32\kernel.appcore.dll
[0928/183613:ERROR:process_reader_win.cc(233)] ReadMemory at 0x76240000 of 64 bytes failed: Only part of a ReadProcessMemory or WriteProcessMemory request was completed. (0x12B)
[0928/183613:WARNING:pe_image_reader.cc(281)] could not read dos header from C:\Windows\system32\shcore.dll
[0928/183613:ERROR:process_reader_win.cc(233)] ReadMemory at 0x73d80000 of 64 bytes failed: Only part of a ReadProcessMemory or WriteProcessMemory request was completed. (0x12B)
[0928/183613:WARNING:pe_image_reader.cc(281)] could not read dos header from C:\Windows\system32\powrprof.dll
[0928/183613:ERROR:process_reader_win.cc(233)] ReadMemory at 0x74090000 of 64 bytes failed: Only part of a ReadProcessMemory or WriteProcessMemory request was completed. (0x12B)
[0928/183613:WARNING:pe_image_reader.cc(281)] could not read dos header from C:\Windows\system32\windows.storage.dll
[0928/183613:ERROR:process_reader_win.cc(233)] ReadMemory at 0x74d20000 of 64 bytes failed: Only part of a ReadProcessMemory or WriteProcessMemory request was completed. (0x12B)
[0928/183613:WARNING:pe_image_reader.cc(281)] could not read dos header from C:\Windows\system32\SHELL32.dll
[0928/183613:ERROR:process_reader_win.cc(233)] ReadMemory at 0x77000000 of 64 bytes failed: Only part of a ReadProcessMemory or WriteProcessMemory request was completed. (0x12B)
[0928/183613:WARNING:pe_image_reader.cc(281)] could not read dos header from C:\Windows\system32\PSAPI.DLL
[0928/183613:ERROR:process_reader_win.cc(233)] ReadMemory at 0x73ce0000 of 64 bytes failed: Only part of a ReadProcessMemory or WriteProcessMemory request was completed. (0x12B)
[0928/183613:WARNING:pe_image_reader.cc(281)] could not read dos header from C:\Windows\SYSTEM32\bcrypt.dll
[0928/183613:ERROR:process_reader_win.cc(233)] ReadMemory at 0x68fc0000 of 64 bytes failed: Only part of a ReadProcessMemory or WriteProcessMemory request was completed. (0x12B)
[0928/183613:WARNING:pe_image_reader.cc(281)] could not read dos header from C:\Windows\SYSTEM32\WINSPOOL.DRV
[0928/183613:ERROR:process_reader_win.cc(233)] ReadMemory at 0x6d1b0000 of 64 bytes failed: Only part of a ReadProcessMemory or WriteProcessMemory request was completed. (0x12B)
[0928/183613:WARNING:pe_image_reader.cc(281)] could not read dos header from C:\Windows\WinSxS\x86_microsoft.windows.common-controls_6595b64144ccf1df_6.0.10586.589_none_ea8aeaa1b9b5d5d4\COMCTL32.dll
[0928/183613:ERROR:process_reader_win.cc(233)] ReadMemory at 0x73e00000 of 64 bytes failed: Only part of a ReadProcessMemory or WriteProcessMemory request was completed. (0x12B)
[0928/183613:WARNING:pe_image_reader.cc(281)] could not read dos header from C:\Windows\system32\FirewallAPI.dll
[0928/183613:ERROR:process_reader_win.cc(233)] ReadMemory at 0x72e30000 of 64 bytes failed: Only part of a ReadProcessMemory or WriteProcessMemory request was completed. (0x12B)
[0928/183613:WARNING:pe_image_reader.cc(281)] could not read dos header from C:\Windows\system32\fwbase.dll
[0928/183613:ERROR:process_reader_win.cc(233)] ReadMemory at 0x74590000 of 64 bytes failed: Only part of a ReadProcessMemory or WriteProcessMemory request was completed. (0x12B)
[0928/183613:WARNING:pe_image_reader.cc(281)] could not read dos header from C:\Windows\system32\NETAPI32.dll
[0928/183613:ERROR:process_reader_win.cc(233)] ReadMemory at 0x6b770000 of 64 bytes failed: Only part of a ReadProcessMemory or WriteProcessMemory request was completed. (0x12B)
[0928/183613:WARNING:pe_image_reader.cc(281)] could not read dos header from C:\Windows\SYSTEM32\DAVHLPR.DLL
[0928/183613:ERROR:process_reader_win.cc(233)] ReadMemory at 0x74af0000 of 64 bytes failed: Only part of a ReadProcessMemory or WriteProcessMemory request was completed. (0x12B)
[0928/183613:WARNING:pe_image_reader.cc(281)] could not read dos header from C:\Windows\system32\COMDLG32.dll
[0928/183613:ERROR:process_reader_win.cc(233)] ReadMemory at 0x74810000 of 64 bytes failed: Only part of a ReadProcessMemory or WriteProcessMemory request was completed. (0x12B)
[0928/183613:WARNING:pe_image_reader.cc(281)] could not read dos header from C:\Windows\system32\ole32.dll
[0928/183613:ERROR:process_reader_win.cc(233)] ReadMemory at 0x762d0000 of 64 bytes failed: Only part of a ReadProcessMemory or WriteProcessMemory request was completed. (0x12B)
[0928/183613:WARNING:pe_image_reader.cc(281)] could not read dos header from C:\Windows\system32\OLEAUT32.dll
[0928/183613:ERROR:process_reader_win.cc(233)] ReadMemory at 0x6fd70000 of 64 bytes failed: Only part of a ReadProcessMemory or WriteProcessMemory request was completed. (0x12B)
[0928/183613:WARNING:pe_image_reader.cc(281)] could not read dos header from C:\Windows\SYSTEM32\IPHLPAPI.DLL
[0928/183613:ERROR:process_reader_win.cc(233)] ReadMemory at 0x76bb0000 of 64 bytes failed: Only part of a ReadProcessMemory or WriteProcessMemory request was completed. (0x12B)
[0928/183613:WARNING:pe_image_reader.cc(281)] could not read dos header from C:\Windows\system32\WS2_32.dll
[0928/183613:ERROR:process_reader_win.cc(233)] ReadMemory at 0x653e0000 of 64 bytes failed: Only part of a ReadProcessMemory or WriteProcessMemory request was completed. (0x12B)
[0928/183613:WARNING:pe_image_reader.cc(281)] could not read dos header from C:\Windows\SYSTEM32\USP10.dll
[0928/183613:ERROR:process_reader_win.cc(233)] ReadMemory at 0x73de0000 of 64 bytes failed: Only part of a ReadProcessMemory or WriteProcessMemory request was completed. (0x12B)
[0928/183613:WARNING:pe_image_reader.cc(281)] could not read dos header from C:\Windows\system32\MSASN1.dll
[0928/183613:ERROR:process_reader_win.cc(233)] ReadMemory at 0x745f0000 of 64 bytes failed: Only part of a ReadProcessMemory or WriteProcessMemory request was completed. (0x12B)
[0928/183613:WARNING:pe_image_reader.cc(281)] could not read dos header from C:\Windows\system32\CRYPT32.dll
[0928/183613:ERROR:process_reader_win.cc(233)] ReadMemory at 0x73ec0000 of 64 bytes failed: Only part of a ReadProcessMemory or WriteProcessMemory request was completed. (0x12B)
[0928/183613:WARNING:pe_image_reader.cc(281)] could not read dos header from C:\Windows\system32\WINTRUST.dll
[0928/183613:ERROR:process_reader_win.cc(233)] ReadMemory at 0x6bbd0000 of 64 bytes failed: Only part of a ReadProcessMemory or WriteProcessMemory request was completed. (0x12B)
[0928/183613:WARNING:pe_image_reader.cc(281)] could not read dos header from C:\Windows\SYSTEM32\Secur32.dll
[0928/183613:ERROR:process_reader_win.cc(233)] ReadMemory at 0x73a90000 of 64 bytes failed: Only part of a ReadProcessMemory or WriteProcessMemory request was completed. (0x12B)
[0928/183613:WARNING:pe_image_reader.cc(281)] could not read dos header from C:\Windows\SYSTEM32\SSPICLI.DLL
[0928/183613:ERROR:process_reader_win.cc(233)] ReadMemory at 0x51490000 of 64 bytes failed: Only part of a ReadProcessMemory or WriteProcessMemory request was completed. (0x12B)
[0928/183613:WARNING:pe_image_reader.cc(281)] could not read dos header from C:\Program Files\Google\Chrome\Application\53.0.2785.116\chrome_child.dll
[0928/183613:ERROR:process_reader_win.cc(233)] ReadMemory at 0x6ed00000 of 64 bytes failed: Only part of a ReadProcessMemory or WriteProcessMemory request was completed. (0x12B)
[0928/183613:WARNING:pe_image_reader.cc(281)] could not read dos header from C:\Windows\SYSTEM32\dwrite.dll
[0928/183613:ERROR:process_reader_win.cc(233)] ReadMemory at 0x1190000 of 64 bytes failed: Only part of a ReadProcessMemory or WriteProcessMemory request was completed. (0x12B)
[0928/183613:WARNING:pe_image_reader.cc(281)] could not read dos header from C:\Program Files\Google\Chrome\Application\chrome.exe
[0928/183613:ERROR:process_reader_win.cc(233)] ReadMemory at 0x77010000 of 64 bytes failed: Only part of a ReadProcessMemory or WriteProcessMemory request was completed. (0x12B)
[0928/183613:WARNING:pe_image_reader.cc(281)] could not read dos header from C:\Windows\SYSTEM32\ntdll.dll
[0928/183613:ERROR:process_reader_win.cc(233)] ReadMemory at 0x73f10000 of 64 bytes failed: Only part of a ReadProcessMemory or WriteProcessMemory request was completed. (0x12B)
[0928/183613:WARNING:pe_image_reader.cc(281)] could not read dos header from C:\Windows\system32\KERNELBASE.dll
[0928/183613:ERROR:process_reader_win.cc(233)] ReadMemory at 0x76120000 of 64 bytes failed: Only part of a ReadProcessMemory or WriteProcessMemory request was completed. (0x12B)
[0928/183613:WARNING:pe_image_reader.cc(281)] could not read dos header from C:\Windows\system32\KERNEL32.DLL
[0928/183613:ERROR:process_reader_win.cc(233)] ReadMemory at 0x72870000 of 64 bytes failed: Only part of a ReadProcessMemory or WriteProcessMemory request was completed. (0x12B)
[0928/183613:WARNING:pe_image_reader.cc(281)] could not read dos header from C:\Windows\system32\apphelp.dll
[0928/183613:ERROR:process_reader_win.cc(233)] ReadMemory at 0x76370000 of 64 bytes failed: Only part of a ReadProcessMemory or WriteProcessMemory request was completed. (0x12B)
[0928/183613:WARNING:pe_image_reader.cc(281)] could not read dos header from C:\Windows\system32\msvcrt.dll
[0928/183613:ERROR:process_reader_win.cc(233)] ReadMemory at 0x74bf0000 of 64 bytes failed: Only part of a ReadProcessMemory or WriteProcessMemory request was completed. (0x12B)
[0928/183613:WARNING:pe_image_reader.cc(281)] could not read dos header from C:\Windows\system32\RPCRT4.dll
[0928/183613:ERROR:process_reader_win.cc(233)] ReadMemory at 0x74970000 of 64 bytes failed: Only part of a ReadProcessMemory or WriteProcessMemory request was completed. (0x12B)
[0928/183613:WARNING:pe_image_reader.cc(281)] could not read dos header from C:\Windows\system32\sechost.dll
[0928/183613:ERROR:process_reader_win.cc(233)] ReadMemory at 0x761c0000 of 64 bytes failed: Only part of a ReadProcessMemory or WriteProcessMemory request was completed. (0x12B)
[0928/183613:WARNING:pe_image_reader.cc(281)] could not read dos header from C:\Windows\system32\ADVAPI32.dll
[0928/183613:ERROR:process_reader_win.cc(233)] ReadMemory at 0x73e60000 of 64 bytes failed: Only part of a ReadProcessMemory or WriteProcessMemory request was completed. (0x12B)
[0928/183613:WARNING:pe_image_reader.cc(281)] could not read dos header from C:\Windows\system32\bcryptPrimitives.dll
[0928/183613:ERROR:process_reader_win.cc(233)] ReadMemory at 0x73910000 of 64 bytes failed: Only part of a ReadProcessMemory or WriteProcessMemory request was completed. (0x12B)
[0928/183613:WARNING:pe_image_reader.cc(281)] could not read dos header from C:\Windows\SYSTEM32\CRYPTBASE.DLL
[0928/183613:ERROR:process_reader_win.cc(233)] ReadMemory at 0x65440000 of 64 bytes failed: Only part of a ReadProcessMemory or WriteProcessMemory request was completed. (0x12B)
[0928/183613:WARNING:pe_image_reader.cc(281)] could not read dos header from C:\Program Files\Google\Chrome\Application\53.0.2785.116\chrome_elf.dll
[0928/183613:ERROR:process_reader_win.cc(233)] ReadMemory at 0x6bb50000 of 64 bytes failed: Only part of a ReadProcessMemory or WriteProcessMemory request was completed. (0x12B)
[0928/183613:WARNING:pe_image_reader.cc(281)] could not read dos header from C:\Windows\SYSTEM32\VERSION.dll
[0928/183613:ERROR:process_reader_win.cc(233)] ReadMemory at 0x745b0000 of 64 bytes failed: Only part of a ReadProcessMemory or WriteProcessMemory request was completed. (0x12B)
[0928/183613:WARNING:pe_image_reader.cc(281)] could not read dos header from C:\Windows\system32\cfgmgr32.dll
[0928/183613:ERROR:process_reader_win.cc(233)] ReadMemory at 0x725c0000 of 64 bytes failed: Only part of a ReadProcessMemory or WriteProcessMemory request was completed. (0x12B)
[0928/183613:WARNING:pe_image_reader.cc(281)] could not read dos header from C:\Windows\SYSTEM32\WINMMBASE.dll
[0928/183613:ERROR:process_reader_win.cc(233)] ReadMemory at 0x76a50000 of 64 bytes failed: Only part of a ReadProcessMemory or WriteProcessMemory request was completed. (0x12B)
[0928/183613:WARNING:pe_image_reader.cc(281)] could not read dos header from C:\Windows\system32\GDI32.dll
[0928/183613:ERROR:process_reader_win.cc(233)] ReadMemory at 0x76c10000 of 64 bytes failed: Only part of a ReadProcessMemory or WriteProcessMemory request was completed. (0x12B)
[0928/183613:WARNING:pe_image_reader.cc(281)] could not read dos header from C:\Windows\system32\USER32.dll
[0928/183613:ERROR:process_reader_win.cc(233)] ReadMemory at 0x76a20000 of 64 bytes failed: Only part of a ReadProcessMemory or WriteProcessMemory request was completed. (0x12B)
[0928/183613:WARNING:pe_image_reader.cc(281)] could not read dos header from C:\Windows\system32\IMM32.DLL
[0928/183613:ERROR:process_reader_win.cc(233)] ReadMemory at 0x72950000 of 64 bytes failed: Only part of a ReadProcessMemory or WriteProcessMemory request was completed. (0x12B)
[0928/183613:WARNING:pe_image_reader.cc(281)] could not read dos header from C:\Windows\SYSTEM32\WINMM.dll
[0928/183613:ERROR:process_reader_win.cc(233)] ReadMemory at 0x73df0000 of 64 bytes failed: Only part of a ReadProcessMemory or WriteProcessMemory request was completed. (0x12B)
[0928/183613:WARNING:pe_image_reader.cc(281)] could not read dos header from C:\Windows\system32\profapi.dll
[0928/183613:ERROR:process_reader_win.cc(233)] ReadMemory at 0x73650000 of 64 bytes failed: Only part of a ReadProcessMemory or WriteProcessMemory request was completed. (0x12B)
[0928/183613:WARNING:pe_image_reader.cc(281)] could not read dos header from C:\Windows\SYSTEM32\USERENV.dll
[0928/183613:ERROR:process_reader_win.cc(233)] ReadMemory at 0x721b0000 of 64 bytes failed: Only part of a ReadProcessMemory or WriteProcessMemory request was completed. (0x12B)
[0928/183613:WARNING:pe_image_reader.cc(281)] could not read dos header from C:\Windows\SYSTEM32\WTSAPI32.dll
[0928/183613:ERROR:process_reader_win.cc(233)] ReadMemory at 0x6f710000 of 64 bytes failed: Only part of a ReadProcessMemory or WriteProcessMemory request was completed. (0x12B)
[0928/183613:WARNING:pe_image_reader.cc(281)] could not read dos header from C:\Windows\SYSTEM32\WINHTTP.dll
[0928/183613:ERROR:process_reader_win.cc(233)] ReadMemory at 0x76db0000 of 64 bytes failed: Only part of a ReadProcessMemory or WriteProcessMemory request was completed. (0x12B)
[0928/183613:WARNING:pe_image_reader.cc(281)] could not read dos header from C:\Windows\system32\combase.dll
[0928/183613:ERROR:process_reader_win.cc(233)] ReadMemory at 0x76450000 of 64 bytes failed: Only part of a ReadProcessMemory or WriteProcessMemory request was completed. (0x12B)
[0928/183613:WARNING:pe_image_reader.cc(281)] could not read dos header from C:\Windows\system32\shlwapi.dll
[0928/183613:ERROR:process_reader_win.cc(233)] ReadMemory at 0x73dd0000 of 64 bytes failed: Only part of a ReadProcessMemory or WriteProcessMemory request was completed. (0x12B)
[0928/183613:WARNING:pe_image_reader.cc(281)] could not read dos header from C:\Windows\system32\kernel.appcore.dll
[0928/183613:ERROR:process_reader_win.cc(233)] ReadMemory at 0x76240000 of 64 bytes failed: Only part of a ReadProcessMemory or WriteProcessMemory request was completed. (0x12B)
[0928/183613:WARNING:pe_image_reader.cc(281)] could not read dos header from C:\Windows\system32\shcore.dll
[0928/183613:ERROR:process_reader_win.cc(233)] ReadMemory at 0x73d80000 of 64 bytes failed: Only part of a ReadProcessMemory or WriteProcessMemory request was completed. (0x12B)
[0928/183613:WARNING:pe_image_reader.cc(281)] could not read dos header from C:\Windows\system32\powrprof.dll
[0928/183613:ERROR:process_reader_win.cc(233)] ReadMemory at 0x74090000 of 64 bytes failed: Only part of a ReadProcessMemory or WriteProcessMemory request was completed. (0x12B)
[0928/183613:WARNING:pe_image_reader.cc(281)] could not read dos header from C:\Windows\system32\windows.storage.dll
[0928/183613:ERROR:process_reader_win.cc(233)] ReadMemory at 0x74d20000 of 64 bytes failed: Only part of a ReadProcessMemory or WriteProcessMemory request was completed. (0x12B)
[0928/183613:WARNING:pe_image_reader.cc(281)] could not read dos header from C:\Windows\system32\SHELL32.dll
[0928/183613:ERROR:process_reader_win.cc(233)] ReadMemory at 0x77000000 of 64 bytes failed: Only part of a ReadProcessMemory or WriteProcessMemory request was completed. (0x12B)
[0928/183613:WARNING:pe_image_reader.cc(281)] could not read dos header from C:\Windows\system32\PSAPI.DLL
[0928/183613:ERROR:process_reader_win.cc(233)] ReadMemory at 0x73ce0000 of 64 bytes failed: Only part of a ReadProcessMemory or WriteProcessMemory request was completed. (0x12B)
[0928/183613:WARNING:pe_image_reader.cc(281)] could not read dos header from C:\Windows\SYSTEM32\bcrypt.dll
[0928/183613:ERROR:process_reader_win.cc(233)] ReadMemory at 0x68fc0000 of 64 bytes failed: Only part of a ReadProcessMemory or WriteProcessMemory request was completed. (0x12B)
[0928/183613:WARNING:pe_image_reader.cc(281)] could not read dos header from C:\Windows\SYSTEM32\WINSPOOL.DRV
[0928/183613:ERROR:process_reader_win.cc(233)] ReadMemory at 0x6d1b0000 of 64 bytes failed: Only part of a ReadProcessMemory or WriteProcessMemory request was completed. (0x12B)
[0928/183613:WARNING:pe_image_reader.cc(281)] could not read dos header from C:\Windows\WinSxS\x86_microsoft.windows.common-controls_6595b64144ccf1df_6.0.10586.589_none_ea8aeaa1b9b5d5d4\COMCTL32.dll
[0928/183613:ERROR:process_reader_win.cc(233)] ReadMemory at 0x73e00000 of 64 bytes failed: Only part of a ReadProcessMemory or WriteProcessMemory request was completed. (0x12B)
[0928/183613:WARNING:pe_image_reader.cc(281)] could not read dos header from C:\Windows\system32\FirewallAPI.dll
[0928/183613:ERROR:process_reader_win.cc(233)] ReadMemory at 0x72e30000 of 64 bytes failed: Only part of a ReadProcessMemory or WriteProcessMemory request was completed. (0x12B)
[0928/183613:WARNING:pe_image_reader.cc(281)] could not read dos header from C:\Windows\system32\fwbase.dll
[0928/183613:ERROR:process_reader_win.cc(233)] ReadMemory at 0x74590000 of 64 bytes failed: Only part of a ReadProcessMemory or WriteProcessMemory request was completed. (0x12B)
[0928/183613:WARNING:pe_image_reader.cc(281)] could not read dos header from C:\Windows\system32\NETAPI32.dll
[0928/183613:ERROR:process_reader_win.cc(233)] ReadMemory at 0x6b770000 of 64 bytes failed: Only part of a ReadProcessMemory or WriteProcessMemory request was completed. (0x12B)
[0928/183613:WARNING:pe_image_reader.cc(281)] could not read dos header from C:\Windows\SYSTEM32\DAVHLPR.DLL
[0928/183613:ERROR:process_reader_win.cc(233)] ReadMemory at 0x74af0000 of 64 bytes failed: Only part of a ReadProcessMemory or WriteProcessMemory request was completed. (0x12B)
[0928/183613:WARNING:pe_image_reader.cc(281)] could not read dos header from C:\Windows\system32\COMDLG32.dll
[0928/183613:ERROR:process_reader_win.cc(233)] ReadMemory at 0x74810000 of 64 bytes failed: Only part of a ReadProcessMemory or WriteProcessMemory request was completed. (0x12B)
[0928/183613:WARNING:pe_image_reader.cc(281)] could not read dos header from C:\Windows\system32\ole32.dll
[0928/183613:ERROR:process_reader_win.cc(233)] ReadMemory at 0x762d0000 of 64 bytes failed: Only part of a ReadProcessMemory or WriteProcessMemory request was completed. (0x12B)
[0928/183613:WARNING:pe_image_reader.cc(281)] could not read dos header from C:\Windows\system32\OLEAUT32.dll
[0928/183613:ERROR:process_reader_win.cc(233)] ReadMemory at 0x6fd70000 of 64 bytes failed: Only part of a ReadProcessMemory or WriteProcessMemory request was completed. (0x12B)
[0928/183613:WARNING:pe_image_reader.cc(281)] could not read dos header from C:\Windows\SYSTEM32\IPHLPAPI.DLL
[0928/183613:ERROR:process_reader_win.cc(233)] ReadMemory at 0x76bb0000 of 64 bytes failed: Only part of a ReadProcessMemory or WriteProcessMemory request was completed. (0x12B)
[0928/183613:WARNING:pe_image_reader.cc(281)] could not read dos header from C:\Windows\system32\WS2_32.dll
[0928/183613:ERROR:process_reader_win.cc(233)] ReadMemory at 0x653e0000 of 64 bytes failed: Only part of a ReadProcessMemory or WriteProcessMemory request was completed. (0x12B)
[0928/183613:WARNING:pe_image_reader.cc(281)] could not read dos header from C:\Windows\SYSTEM32\USP10.dll
[0928/183613:ERROR:process_reader_win.cc(233)] ReadMemory at 0x73de0000 of 64 bytes failed: Only part of a ReadProcessMemory or WriteProcessMemory request was completed. (0x12B)
[0928/183613:WARNING:pe_image_reader.cc(281)] could not read dos header from C:\Windows\system32\MSASN1.dll
[0928/183613:ERROR:process_reader_win.cc(233)] ReadMemory at 0x745f0000 of 64 bytes failed: Only part of a ReadProcessMemory or WriteProcessMemory request was completed. (0x12B)
[0928/183613:WARNING:pe_image_reader.cc(281)] could not read dos header from C:\Windows\system32\CRYPT32.dll
[0928/183613:ERROR:process_reader_win.cc(233)] ReadMemory at 0x73ec0000 of 64 bytes failed: Only part of a ReadProcessMemory or WriteProcessMemory request was completed. (0x12B)
[0928/183613:WARNING:pe_image_reader.cc(281)] could not read dos header from C:\Windows\system32\WINTRUST.dll
[0928/183613:ERROR:process_reader_win.cc(233)] ReadMemory at 0x6bbd0000 of 64 bytes failed: Only part of a ReadProcessMemory or WriteProcessMemory request was completed. (0x12B)
[0928/183613:WARNING:pe_image_reader.cc(281)] could not read dos header from C:\Windows\SYSTEM32\Secur32.dll
[0928/183613:ERROR:process_reader_win.cc(233)] ReadMemory at 0x73a90000 of 64 bytes failed: Only part of a ReadProcessMemory or WriteProcessMemory request was completed. (0x12B)
[0928/183613:WARNING:pe_image_reader.cc(281)] could not read dos header from C:\Windows\SYSTEM32\SSPICLI.DLL
[0928/183613:ERROR:process_reader_win.cc(233)] ReadMemory at 0x51490000 of 64 bytes failed: Only part of a ReadProcessMemory or WriteProcessMemory request was completed. (0x12B)
[0928/183613:WARNING:pe_image_reader.cc(281)] could not read dos header from C:\Program Files\Google\Chrome\Application\53.0.2785.116\chrome_child.dll
[0928/183613:ERROR:process_reader_win.cc(233)] ReadMemory at 0x6ed00000 of 64 bytes failed: Only part of a ReadProcessMemory or WriteProcessMemory request was completed. (0x12B)
[0928/183613:WARNING:pe_image_reader.cc(281)] could not read dos header from C:\Windows\SYSTEM32\dwrite.dll
[0928/183613:ERROR:process_reader_win.cc(233)] ReadMemory at 0x1190000 of 64 bytes failed: Only part of a ReadProcessMemory or WriteProcessMemory request was completed. (0x12B)
[0928/183613:WARNING:pe_image_reader.cc(281)] could not read dos header from C:\Program Files\Google\Chrome\Application\chrome.exe
[0928/183613:ERROR:process_reader_win.cc(233)] ReadMemory at 0x77010000 of 64 bytes failed: Only part of a ReadProcessMemory or WriteProcessMemory request was completed. (0x12B)
[0928/183613:WARNING:pe_image_reader.cc(281)] could not read dos header from C:\Windows\SYSTEM32\ntdll.dll
[0928/183613:ERROR:process_reader_win.cc(233)] ReadMemory at 0x73f10000 of 64 bytes failed: Only part of a ReadProcessMemory or WriteProcessMemory request was completed. (0x12B)
[0928/183613:WARNING:pe_image_reader.cc(281)] could not read dos header from C:\Windows\system32\KERNELBASE.dll
[0928/183613:ERROR:process_reader_win.cc(233)] ReadMemory at 0x76120000 of 64 bytes failed: Only part of a ReadProcessMemory or WriteProcessMemory request was completed. (0x12B)
[0928/183613:WARNING:pe_image_reader.cc(281)] could not read dos header from C:\Windows\system32\KERNEL32.DLL
[0928/183613:ERROR:process_reader_win.cc(233)] ReadMemory at 0x72870000 of 64 bytes failed: Only part of a ReadProcessMemory or WriteProcessMemory request was completed. (0x12B)
[0928/183613:WARNING:pe_image_reader.cc(281)] could not read dos header from C:\Windows\system32\apphelp.dll
[0928/183613:ERROR:process_reader_win.cc(233)] ReadMemory at 0x76370000 of 64 bytes failed: Only part of a ReadProcessMemory or WriteProcessMemory request was completed. (0x12B)
[0928/183613:WARNING:pe_image_reader.cc(281)] could not read dos header from C:\Windows\system32\msvcrt.dll
[0928/183613:ERROR:process_reader_win.cc(233)] ReadMemory at 0x74bf0000 of 64 bytes failed: Only part of a ReadProcessMemory or WriteProcessMemory request was completed. (0x12B)
[0928/183613:WARNING:pe_image_reader.cc(281)] could not read dos header from C:\Windows\system32\RPCRT4.dll
[0928/183613:ERROR:process_reader_win.cc(233)] ReadMemory at 0x74970000 of 64 bytes failed: Only part of a ReadProcessMemory or WriteProcessMemory request was completed. (0x12B)
[0928/183613:WARNING:pe_image_reader.cc(281)] could not read dos header from C:\Windows\system32\sechost.dll
[0928/183613:ERROR:process_reader_win.cc(233)] ReadMemory at 0x761c0000 of 64 bytes failed: Only part of a ReadProcessMemory or WriteProcessMemory request was completed. (0x12B)
[0928/183613:WARNING:pe_image_reader.cc(281)] could not read dos header from C:\Windows\system32\ADVAPI32.dll
[0928/183613:ERROR:process_reader_win.cc(233)] ReadMemory at 0x73e60000 of 64 bytes failed: Only part of a ReadProcessMemory or WriteProcessMemory request was completed. (0x12B)
[0928/183613:WARNING:pe_image_reader.cc(281)] could not read dos header from C:\Windows\system32\bcryptPrimitives.dll
[0928/183613:ERROR:process_reader_win.cc(233)] ReadMemory at 0x73910000 of 64 bytes failed: Only part of a ReadProcessMemory or WriteProcessMemory request was completed. (0x12B)
[0928/183613:WARNING:pe_image_reader.cc(281)] could not read dos header from C:\Windows\SYSTEM32\CRYPTBASE.DLL
[0928/183613:ERROR:process_reader_win.cc(233)] ReadMemory at 0x65440000 of 64 bytes failed: Only part of a ReadProcessMemory or WriteProcessMemory request was completed. (0x12B)
[0928/183613:WARNING:pe_image_reader.cc(281)] could not read dos header from C:\Program Files\Google\Chrome\Application\53.0.2785.116\chrome_elf.dll
[0928/183613:ERROR:process_reader_win.cc(233)] ReadMemory at 0x6bb50000 of 64 bytes failed: Only part of a ReadProcessMemory or WriteProcessMemory request was completed. (0x12B)
[0928/183613:WARNING:pe_image_reader.cc(281)] could not read dos header from C:\Windows\SYSTEM32\VERSION.dll
[0928/183613:ERROR:process_reader_win.cc(233)] ReadMemory at 0x745b0000 of 64 bytes failed: Only part of a ReadProcessMemory or WriteProcessMemory request was completed. (0x12B)
[0928/183613:WARNING:pe_image_reader.cc(281)] could not read dos header from C:\Windows\system32\cfgmgr32.dll
[0928/183613:ERROR:process_reader_win.cc(233)] ReadMemory at 0x725c0000 of 64 bytes failed: Only part of a ReadProcessMemory or WriteProcessMemory request was completed. (0x12B)
[0928/183613:WARNING:pe_image_reader.cc(281)] could not read dos header from C:\Windows\SYSTEM32\WINMMBASE.dll
[0928/183613:ERROR:process_reader_win.cc(233)] ReadMemory at 0x76a50000 of 64 bytes failed: Only part of a ReadProcessMemory or WriteProcessMemory request was completed. (0x12B)
[0928/183613:WARNING:pe_image_reader.cc(281)] could not read dos header from C:\Windows\system32\GDI32.dll
[0928/183613:ERROR:process_reader_win.cc(233)] ReadMemory at 0x76c10000 of 64 bytes failed: Only part of a ReadProcessMemory or WriteProcessMemory request was completed. (0x12B)
[0928/183613:WARNING:pe_image_reader.cc(281)] could not read dos header from C:\Windows\system32\USER32.dll
[0928/183613:ERROR:process_reader_win.cc(233)] ReadMemory at 0x76a20000 of 64 bytes failed: Only part of a ReadProcessMemory or WriteProcessMemory request was completed. (0x12B)
[0928/183613:WARNING:pe_image_reader.cc(281)] could not read dos header from C:\Windows\system32\IMM32.DLL
[0928/183613:ERROR:process_reader_win.cc(233)] ReadMemory at 0x72950000 of 64 bytes failed: Only part of a ReadProcessMemory or WriteProcessMemory request was completed. (0x12B)
[0928/183613:WARNING:pe_image_reader.cc(281)] could not read dos header from C:\Windows\SYSTEM32\WINMM.dll
[0928/183613:ERROR:process_reader_win.cc(233)] ReadMemory at 0x73df0000 of 64 bytes failed: Only part of a ReadProcessMemory or WriteProcessMemory request was completed. (0x12B)
[0928/183613:WARNING:pe_image_reader.cc(281)] could not read dos header from C:\Windows\system32\profapi.dll
[0928/183613:ERROR:process_reader_win.cc(233)] ReadMemory at 0x73650000 of 64 bytes failed: Only part of a ReadProcessMemory or WriteProcessMemory request was completed. (0x12B)
[0928/183613:WARNING:pe_image_reader.cc(281)] could not read dos header from C:\Windows\SYSTEM32\USERENV.dll
[0928/183613:ERROR:process_reader_win.cc(233)] ReadMemory at 0x721b0000 of 64 bytes failed: Only part of a ReadProcessMemory or WriteProcessMemory request was completed. (0x12B)
[0928/183613:WARNING:pe_image_reader.cc(281)] could not read dos header from C:\Windows\SYSTEM32\WTSAPI32.dll
[0928/183613:ERROR:process_reader_win.cc(233)] ReadMemory at 0x6f710000 of 64 bytes failed: Only part of a ReadProcessMemory or WriteProcessMemory request was completed. (0x12B)
[0928/183613:WARNING:pe_image_reader.cc(281)] could not read dos header from C:\Windows\SYSTEM32\WINHTTP.dll
[0928/183613:ERROR:process_reader_win.cc(233)] ReadMemory at 0x76db0000 of 64 bytes failed: Only part of a ReadProcessMemory or WriteProcessMemory request was completed. (0x12B)
[0928/183613:WARNING:pe_image_reader.cc(281)] could not read dos header from C:\Windows\system32\combase.dll
[0928/183613:ERROR:process_reader_win.cc(233)] ReadMemory at 0x76450000 of 64 bytes failed: Only part of a ReadProcessMemory or WriteProcessMemory request was completed. (0x12B)
[0928/183613:WARNING:pe_image_reader.cc(281)] could not read dos header from C:\Windows\system32\shlwapi.dll
[0928/183613:ERROR:process_reader_win.cc(233)] ReadMemory at 0x73dd0000 of 64 bytes failed: Only part of a ReadProcessMemory or WriteProcessMemory request was completed. (0x12B)
[0928/183613:WARNING:pe_image_reader.cc(281)] could not read dos header from C:\Windows\system32\kernel.appcore.dll
[0928/183613:ERROR:process_reader_win.cc(233)] ReadMemory at 0x76240000 of 64 bytes failed: Only part of a ReadProcessMemory or WriteProcessMemory request was completed. (0x12B)
[0928/183613:WARNING:pe_image_reader.cc(281)] could not read dos header from C:\Windows\system32\shcore.dll
[0928/183613:ERROR:process_reader_win.cc(233)] ReadMemory at 0x73d80000 of 64 bytes failed: Only part of a ReadProcessMemory or WriteProcessMemory request was completed. (0x12B)
[0928/183613:WARNING:pe_image_reader.cc(281)] could not read dos header from C:\Windows\system32\powrprof.dll
[0928/183613:ERROR:process_reader_win.cc(233)] ReadMemory at 0x74090000 of 64 bytes failed: Only part of a ReadProcessMemory or WriteProcessMemory request was completed. (0x12B)
[0928/183613:WARNING:pe_image_reader.cc(281)] could not read dos header from C:\Windows\system32\windows.storage.dll
[0928/183613:ERROR:process_reader_win.cc(233)] ReadMemory at 0x74d20000 of 64 bytes failed: Only part of a ReadProcessMemory or WriteProcessMemory request was completed. (0x12B)
[0928/183613:WARNING:pe_image_reader.cc(281)] could not read dos header from C:\Windows\system32\SHELL32.dll
[0928/183613:ERROR:process_reader_win.cc(233)] ReadMemory at 0x77000000 of 64 bytes failed: Only part of a ReadProcessMemory or WriteProcessMemory request was completed. (0x12B)
[0928/183613:WARNING:pe_image_reader.cc(281)] could not read dos header from C:\Windows\system32\PSAPI.DLL
[0928/183613:ERROR:process_reader_win.cc(233)] ReadMemory at 0x73ce0000 of 64 bytes failed: Only part of a ReadProcessMemory or WriteProcessMemory request was completed. (0x12B)
[0928/183613:WARNING:pe_image_reader.cc(281)] could not read dos header from C:\Windows\SYSTEM32\bcrypt.dll
[0928/183613:ERROR:process_reader_win.cc(233)] ReadMemory at 0x68fc0000 of 64 bytes failed: Only part of a ReadProcessMemory or WriteProcessMemory request was completed. (0x12B)
[0928/183613:WARNING:pe_image_reader.cc(281)] could not read dos header from C:\Windows\SYSTEM32\WINSPOOL.DRV
[0928/183613:ERROR:process_reader_win.cc(233)] ReadMemory at 0x6d1b0000 of 64 bytes failed: Only part of a ReadProcessMemory or WriteProcessMemory request was completed. (0x12B)
[0928/183613:WARNING:pe_image_reader.cc(281)] could not read dos header from C:\Windows\WinSxS\x86_microsoft.windows.common-controls_6595b64144ccf1df_6.0.10586.589_none_ea8aeaa1b9b5d5d4\COMCTL32.dll
[0928/183613:ERROR:process_reader_win.cc(233)] ReadMemory at 0x73e00000 of 64 bytes failed: Only part of a ReadProcessMemory or WriteProcessMemory request was completed. (0x12B)
[0928/183613:WARNING:pe_image_reader.cc(281)] could not read dos header from C:\Windows\system32\FirewallAPI.dll
[0928/183613:ERROR:process_reader_win.cc(233)] ReadMemory at 0x72e30000 of 64 bytes failed: Only part of a ReadProcessMemory or WriteProcessMemory request was completed. (0x12B)
[0928/183613:WARNING:pe_image_reader.cc(281)] could not read dos header from C:\Windows\system32\fwbase.dll
[0928/183613:ERROR:process_reader_win.cc(233)] ReadMemory at 0x74590000 of 64 bytes failed: Only part of a ReadProcessMemory or WriteProcessMemory request was completed. (0x12B)
[0928/183613:WARNING:pe_image_reader.cc(281)] could not read dos header from C:\Windows\system32\NETAPI32.dll
[0928/183613:ERROR:process_reader_win.cc(233)] ReadMemory at 0x6b770000 of 64 bytes failed: Only part of a ReadProcessMemory or WriteProcessMemory request was completed. (0x12B)
[0928/183613:WARNING:pe_image_reader.cc(281)] could not read dos header from C:\Windows\SYSTEM32\DAVHLPR.DLL
[0928/183613:ERROR:process_reader_win.cc(233)] ReadMemory at 0x74af0000 of 64 bytes failed: Only part of a ReadProcessMemory or WriteProcessMemory request was completed. (0x12B)
[0928/183613:WARNING:pe_image_reader.cc(281)] could not read dos header from C:\Windows\system32\COMDLG32.dll
[0928/183613:ERROR:process_reader_win.cc(233)] ReadMemory at 0x74810000 of 64 bytes failed: Only part of a ReadProcessMemory or WriteProcessMemory request was completed. (0x12B)
[0928/183613:WARNING:pe_image_reader.cc(281)] could not read dos header from C:\Windows\system32\ole32.dll
[0928/183613:ERROR:process_reader_win.cc(233)] ReadMemory at 0x762d0000 of 64 bytes failed: Only part of a ReadProcessMemory or WriteProcessMemory request was completed. (0x12B)
[0928/183613:WARNING:pe_image_reader.cc(281)] could not read dos header from C:\Windows\system32\OLEAUT32.dll
[0928/183613:ERROR:process_reader_win.cc(233)] ReadMemory at 0x6fd70000 of 64 bytes failed: Only part of a ReadProcessMemory or WriteProcessMemory request was completed. (0x12B)
[0928/183613:WARNING:pe_image_reader.cc(281)] could not read dos header from C:\Windows\SYSTEM32\IPHLPAPI.DLL
[0928/183613:ERROR:process_reader_win.cc(233)] ReadMemory at 0x76bb0000 of 64 bytes failed: Only part of a ReadProcessMemory or WriteProcessMemory request was completed. (0x12B)
[0928/183613:WARNING:pe_image_reader.cc(281)] could not read dos header from C:\Windows\system32\WS2_32.dll
[0928/183613:ERROR:process_reader_win.cc(233)] ReadMemory at 0x653e0000 of 64 bytes failed: Only part of a ReadProcessMemory or WriteProcessMemory request was completed. (0x12B)
[0928/183613:WARNING:pe_image_reader.cc(281)] could not read dos header from C:\Windows\SYSTEM32\USP10.dll
[0928/183613:ERROR:process_reader_win.cc(233)] ReadMemory at 0x73de0000 of 64 bytes failed: Only part of a ReadProcessMemory or WriteProcessMemory request was completed. (0x12B)
[0928/183613:WARNING:pe_image_reader.cc(281)] could not read dos header from C:\Windows\system32\MSASN1.dll
[0928/183613:ERROR:process_reader_win.cc(233)] ReadMemory at 0x745f0000 of 64 bytes failed: Only part of a ReadProcessMemory or WriteProcessMemory request was completed. (0x12B)
[0928/183613:WARNING:pe_image_reader.cc(281)] could not read dos header from C:\Windows\system32\CRYPT32.dll
[0928/183613:ERROR:process_reader_win.cc(233)] ReadMemory at 0x73ec0000 of 64 bytes failed: Only part of a ReadProcessMemory or WriteProcessMemory request was completed. (0x12B)
[0928/183613:WARNING:pe_image_reader.cc(281)] could not read dos header from C:\Windows\system32\WINTRUST.dll
[0928/183613:ERROR:process_reader_win.cc(233)] ReadMemory at 0x6bbd0000 of 64 bytes failed: Only part of a ReadProcessMemory or WriteProcessMemory request was completed. (0x12B)
[0928/183613:WARNING:pe_image_reader.cc(281)] could not read dos header from C:\Windows\SYSTEM32\Secur32.dll
[0928/183613:ERROR:process_reader_win.cc(233)] ReadMemory at 0x73a90000 of 64 bytes failed: Only part of a ReadProcessMemory or WriteProcessMemory request was completed. (0x12B)
[0928/183613:WARNING:pe_image_reader.cc(281)] could not read dos header from C:\Windows\SYSTEM32\SSPICLI.DLL
[0928/183613:ERROR:process_reader_win.cc(233)] ReadMemory at 0x51490000 of 64 bytes failed: Only part of a ReadProcessMemory or WriteProcessMemory request was completed. (0x12B)
[0928/183613:WARNING:pe_image_reader.cc(281)] could not read dos header from C:\Program Files\Google\Chrome\Application\53.0.2785.116\chrome_child.dll
[0928/183613:ERROR:process_reader_win.cc(233)] ReadMemory at 0x6ed00000 of 64 bytes failed: Only part of a ReadProcessMemory or WriteProcessMemory request was completed. (0x12B)
[0928/183613:WARNING:pe_image_reader.cc(281)] could not read dos header from C:\Windows\SYSTEM32\dwrite.dll
[0928/183613:ERROR:process_reader_win.cc(233)] ReadMemory at 0x1190000 of 64 bytes failed: Only part of a ReadProcessMemory or WriteProcessMemory request was completed. (0x12B)
[0928/183613:WARNING:pe_image_reader.cc(281)] could not read dos header from C:\Program Files\Google\Chrome\Application\chrome.exe
[0928/183613:ERROR:process_reader_win.cc(233)] ReadMemory at 0x77010000 of 64 bytes failed: Only part of a ReadProcessMemory or WriteProcessMemory request was completed. (0x12B)
[0928/183613:WARNING:pe_image_reader.cc(281)] could not read dos header from C:\Windows\SYSTEM32\ntdll.dll
[0928/183613:ERROR:process_reader_win.cc(233)] ReadMemory at 0x73f10000 of 64 bytes failed: Only part of a ReadProcessMemory or WriteProcessMemory request was completed. (0x12B)
[0928/183613:WARNING:pe_image_reader.cc(281)] could not read dos header from C:\Windows\system32\KERNELBASE.dll
[0928/183613:ERROR:process_reader_win.cc(233)] ReadMemory at 0x76120000 of 64 bytes failed: Only part of a ReadProcessMemory or WriteProcessMemory request was completed. (0x12B)
[0928/183613:WARNING:pe_image_reader.cc(281)] could not read dos header from C:\Windows\system32\KERNEL32.DLL
[0928/183613:ERROR:process_reader_win.cc(233)] ReadMemory at 0x72870000 of 64 bytes failed: Only part of a ReadProcessMemory or WriteProcessMemory request was completed. (0x12B)
[0928/183613:WARNING:pe_image_reader.cc(281)] could not read dos header from C:\Windows\system32\apphelp.dll
[0928/183613:ERROR:process_reader_win.cc(233)] ReadMemory at 0x76370000 of 64 bytes failed: Only part of a ReadProcessMemory or WriteProcessMemory request was completed. (0x12B)
[0928/183613:WARNING:pe_image_reader.cc(281)] could not read dos header from C:\Windows\system32\msvcrt.dll
[0928/183613:ERROR:process_reader_win.cc(233)] ReadMemory at 0x74bf0000 of 64 bytes failed: Only part of a ReadProcessMemory or WriteProcessMemory request was completed. (0x12B)
[0928/183613:WARNING:pe_image_reader.cc(281)] could not read dos header from C:\Windows\system32\RPCRT4.dll
[0928/183613:ERROR:process_reader_win.cc(233)] ReadMemory at 0x74970000 of 64 bytes failed: Only part of a ReadProcessMemory or WriteProcessMemory request was completed. (0x12B)
[0928/183613:WARNING:pe_image_reader.cc(281)] could not read dos header from C:\Windows\system32\sechost.dll
[0928/183613:ERROR:process_reader_win.cc(233)] ReadMemory at 0x761c0000 of 64 bytes failed: Only part of a ReadProcessMemory or WriteProcessMemory request was completed. (0x12B)
[0928/183613:WARNING:pe_image_reader.cc(281)] could not read dos header from C:\Windows\system32\ADVAPI32.dll
[0928/183613:ERROR:process_reader_win.cc(233)] ReadMemory at 0x73e60000 of 64 bytes failed: Only part of a ReadProcessMemory or WriteProcessMemory request was completed. (0x12B)
[0928/183613:WARNING:pe_image_reader.cc(281)] could not read dos header from C:\Windows\system32\bcryptPrimitives.dll
[0928/183613:ERROR:process_reader_win.cc(233)] ReadMemory at 0x73910000 of 64 bytes failed: Only part of a ReadProcessMemory or WriteProcessMemory request was completed. (0x12B)
[0928/183613:WARNING:pe_image_reader.cc(281)] could not read dos header from C:\Windows\SYSTEM32\CRYPTBASE.DLL
[0928/183613:ERROR:process_reader_win.cc(233)] ReadMemory at 0x65440000 of 64 bytes failed: Only part of a ReadProcessMemory or WriteProcessMemory request was completed. (0x12B)
[0928/183613:WARNING:pe_image_reader.cc(281)] could not read dos header from C:\Program Files\Google\Chrome\Application\53.0.2785.116\chrome_elf.dll
[0928/183613:ERROR:process_reader_win.cc(233)] ReadMemory at 0x6bb50000 of 64 bytes failed: Only part of a ReadProcessMemory or WriteProcessMemory request was completed. (0x12B)
[0928/183613:WARNING:pe_image_reader.cc(281)] could not read dos header from C:\Windows\SYSTEM32\VERSION.dll
[0928/183613:ERROR:process_reader_win.cc(233)] ReadMemory at 0x745b0000 of 64 bytes failed: Only part of a ReadProcessMemory or WriteProcessMemory request was completed. (0x12B)
[0928/183613:WARNING:pe_image_reader.cc(281)] could not read dos header from C:\Windows\system32\cfgmgr32.dll
[0928/183613:ERROR:process_reader_win.cc(233)] ReadMemory at 0x725c0000 of 64 bytes failed: Only part of a ReadProcessMemory or WriteProcessMemory request was completed. (0x12B)
[0928/183613:WARNING:pe_image_reader.cc(281)] could not read dos header from C:\Windows\SYSTEM32\WINMMBASE.dll
[0928/183613:ERROR:process_reader_win.cc(233)] ReadMemory at 0x76a50000 of 64 bytes failed: Only part of a ReadProcessMemory or WriteProcessMemory request was completed. (0x12B)
[0928/183613:WARNING:pe_image_reader.cc(281)] could not read dos header from C:\Windows\system32\GDI32.dll
[0928/183613:ERROR:process_reader_win.cc(233)] ReadMemory at 0x76c10000 of 64 bytes failed: Only part of a ReadProcessMemory or WriteProcessMemory request was completed. (0x12B)
[0928/183613:WARNING:pe_image_reader.cc(281)] could not read dos header from C:\Windows\system32\USER32.dll
[0928/183613:ERROR:process_reader_win.cc(233)] ReadMemory at 0x76a20000 of 64 bytes failed: Only part of a ReadProcessMemory or WriteProcessMemory request was completed. (0x12B)
[0928/183613:WARNING:pe_image_reader.cc(281)] could not read dos header from C:\Windows\system32\IMM32.DLL
[0928/183613:ERROR:process_reader_win.cc(233)] ReadMemory at 0x72950000 of 64 bytes failed: Only part of a ReadProcessMemory or WriteProcessMemory request was completed. (0x12B)
[0928/183613:WARNING:pe_image_reader.cc(281)] could not read dos header from C:\Windows\SYSTEM32\WINMM.dll
[0928/183613:ERROR:process_reader_win.cc(233)] ReadMemory at 0x73df0000 of 64 bytes failed: Only part of a ReadProcessMemory or WriteProcessMemory request was completed. (0x12B)
[0928/183613:WARNING:pe_image_reader.cc(281)] could not read dos header from C:\Windows\system32\profapi.dll
[0928/183613:ERROR:process_reader_win.cc(233)] ReadMemory at 0x73650000 of 64 bytes failed: Only part of a ReadProcessMemory or WriteProcessMemory request was completed. (0x12B)
[0928/183613:WARNING:pe_image_reader.cc(281)] could not read dos header from C:\Windows\SYSTEM32\USERENV.dll
[0928/183613:ERROR:process_reader_win.cc(233)] ReadMemory at 0x721b0000 of 64 bytes failed: Only part of a ReadProcessMemory or WriteProcessMemory request was completed. (0x12B)
[0928/183613:WARNING:pe_image_reader.cc(281)] could not read dos header from C:\Windows\SYSTEM32\WTSAPI32.dll
[0928/183613:ERROR:process_reader_win.cc(233)] ReadMemory at 0x6f710000 of 64 bytes failed: Only part of a ReadProcessMemory or WriteProcessMemory request was completed. (0x12B)
[0928/183613:WARNING:pe_image_reader.cc(281)] could not read dos header from C:\Windows\SYSTEM32\WINHTTP.dll
[0928/183613:ERROR:process_reader_win.cc(233)] ReadMemory at 0x76db0000 of 64 bytes failed: Only part of a ReadProcessMemory or WriteProcessMemory request was completed. (0x12B)
[0928/183613:WARNING:pe_image_reader.cc(281)] could not read dos header from C:\Windows\system32\combase.dll
[0928/183613:ERROR:process_reader_win.cc(233)] ReadMemory at 0x76450000 of 64 bytes failed: Only part of a ReadProcessMemory or WriteProcessMemory request was completed. (0x12B)
[0928/183613:WARNING:pe_image_reader.cc(281)] could not read dos header from C:\Windows\system32\shlwapi.dll
[0928/183613:ERROR:process_reader_win.cc(233)] ReadMemory at 0x73dd0000 of 64 bytes failed: Only part of a ReadProcessMemory or WriteProcessMemory request was completed. (0x12B)
[0928/183613:WARNING:pe_image_reader.cc(281)] could not read dos header from C:\Windows\system32\kernel.appcore.dll
[0928/183613:ERROR:process_reader_win.cc(233)] ReadMemory at 0x76240000 of 64 bytes failed: Only part of a ReadProcessMemory or WriteProcessMemory request was completed. (0x12B)
[0928/183613:WARNING:pe_image_reader.cc(281)] could not read dos header from C:\Windows\system32\shcore.dll
[0928/183613:ERROR:process_reader_win.cc(233)] ReadMemory at 0x73d80000 of 64 bytes failed: Only part of a ReadProcessMemory or WriteProcessMemory request was completed. (0x12B)
[0928/183613:WARNING:pe_image_reader.cc(281)] could not read dos header from C:\Windows\system32\powrprof.dll
[0928/183613:ERROR:process_reader_win.cc(233)] ReadMemory at 0x74090000 of 64 bytes failed: Only part of a ReadProcessMemory or WriteProcessMemory request was completed. (0x12B)
[0928/183613:WARNING:pe_image_reader.cc(281)] could not read dos header from C:\Windows\system32\windows.storage.dll
[0928/183613:ERROR:process_reader_win.cc(233)] ReadMemory at 0x74d20000 of 64 bytes failed: Only part of a ReadProcessMemory or WriteProcessMemory request was completed. (0x12B)
[0928/183613:WARNING:pe_image_reader.cc(281)] could not read dos header from C:\Windows\system32\SHELL32.dll
[0928/183613:ERROR:process_reader_win.cc(233)] ReadMemory at 0x77000000 of 64 bytes failed: Only part of a ReadProcessMemory or WriteProcessMemory request was completed. (0x12B)
[0928/183613:WARNING:pe_image_reader.cc(281)] could not read dos header from C:\Windows\system32\PSAPI.DLL
[0928/183613:ERROR:process_reader_win.cc(233)] ReadMemory at 0x73ce0000 of 64 bytes failed: Only part of a ReadProcessMemory or WriteProcessMemory request was completed. (0x12B)
[0928/183613:WARNING:pe_image_reader.cc(281)] could not read dos header from C:\Windows\SYSTEM32\bcrypt.dll
[0928/183613:ERROR:process_reader_win.cc(233)] ReadMemory at 0x68fc0000 of 64 bytes failed: Only part of a ReadProcessMemory or WriteProcessMemory request was completed. (0x12B)
[0928/183613:WARNING:pe_image_reader.cc(281)] could not read dos header from C:\Windows\SYSTEM32\WINSPOOL.DRV
[0928/183613:ERROR:process_reader_win.cc(233)] ReadMemory at 0x6d1b0000 of 64 bytes failed: Only part of a ReadProcessMemory or WriteProcessMemory request was completed. (0x12B)
[0928/183613:WARNING:pe_image_reader.cc(281)] could not read dos header from C:\Windows\WinSxS\x86_microsoft.windows.common-controls_6595b64144ccf1df_6.0.10586.589_none_ea8aeaa1b9b5d5d4\COMCTL32.dll
[0928/183613:ERROR:process_reader_win.cc(233)] ReadMemory at 0x73e00000 of 64 bytes failed: Only part of a ReadProcessMemory or WriteProcessMemory request was completed. (0x12B)
[0928/183613:WARNING:pe_image_reader.cc(281)] could not read dos header from C:\Windows\system32\FirewallAPI.dll
[0928/183613:ERROR:process_reader_win.cc(233)] ReadMemory at 0x72e30000 of 64 bytes failed: Only part of a ReadProcessMemory or WriteProcessMemory request was completed. (0x12B)
[0928/183613:WARNING:pe_image_reader.cc(281)] could not read dos header from C:\Windows\system32\fwbase.dll
[0928/183613:ERROR:process_reader_win.cc(233)] ReadMemory at 0x74590000 of 64 bytes failed: Only part of a ReadProcessMemory or WriteProcessMemory request was completed. (0x12B)
[0928/183613:WARNING:pe_image_reader.cc(281)] could not read dos header from C:\Windows\system32\NETAPI32.dll
[0928/183613:ERROR:process_reader_win.cc(233)] ReadMemory at 0x6b770000 of 64 bytes failed: Only part of a ReadProcessMemory or WriteProcessMemory request was completed. (0x12B)
[0928/183613:WARNING:pe_image_reader.cc(281)] could not read dos header from C:\Windows\SYSTEM32\DAVHLPR.DLL
[0928/183613:ERROR:process_reader_win.cc(233)] ReadMemory at 0x74af0000 of 64 bytes failed: Only part of a ReadProcessMemory or WriteProcessMemory request was completed. (0x12B)
[0928/183613:WARNING:pe_image_reader.cc(281)] could not read dos header from C:\Windows\system32\COMDLG32.dll
[0928/183613:ERROR:process_reader_win.cc(233)] ReadMemory at 0x74810000 of 64 bytes failed: Only part of a ReadProcessMemory or WriteProcessMemory request was completed. (0x12B)
[0928/183613:WARNING:pe_image_reader.cc(281)] could not read dos header from C:\Windows\system32\ole32.dll
[0928/183613:ERROR:process_reader_win.cc(233)] ReadMemory at 0x762d0000 of 64 bytes failed: Only part of a ReadProcessMemory or WriteProcessMemory request was completed. (0x12B)
[0928/183613:WARNING:pe_image_reader.cc(281)] could not read dos header from C:\Windows\system32\OLEAUT32.dll
[0928/183613:ERROR:process_reader_win.cc(233)] ReadMemory at 0x6fd70000 of 64 bytes failed: Only part of a ReadProcessMemory or WriteProcessMemory request was completed. (0x12B)
[0928/183613:WARNING:pe_image_reader.cc(281)] could not read dos header from C:\Windows\SYSTEM32\IPHLPAPI.DLL
[0928/183613:ERROR:process_reader_win.cc(233)] ReadMemory at 0x76bb0000 of 64 bytes failed: Only part of a ReadProcessMemory or WriteProcessMemory request was completed. (0x12B)
[0928/183613:WARNING:pe_image_reader.cc(281)] could not read dos header from C:\Windows\system32\WS2_32.dll
[0928/183613:ERROR:process_reader_win.cc(233)] ReadMemory at 0x653e0000 of 64 bytes failed: Only part of a ReadProcessMemory or WriteProcessMemory request was completed. (0x12B)
[0928/183613:WARNING:pe_image_reader.cc(281)] could not read dos header from C:\Windows\SYSTEM32\USP10.dll
[0928/183613:ERROR:process_reader_win.cc(233)] ReadMemory at 0x73de0000 of 64 bytes failed: Only part of a ReadProcessMemory or WriteProcessMemory request was completed. (0x12B)
[0928/183613:WARNING:pe_image_reader.cc(281)] could not read dos header from C:\Windows\system32\MSASN1.dll
[0928/183613:ERROR:process_reader_win.cc(233)] ReadMemory at 0x745f0000 of 64 bytes failed: Only part of a ReadProcessMemory or WriteProcessMemory request was completed. (0x12B)
[0928/183613:WARNING:pe_image_reader.cc(281)] could not read dos header from C:\Windows\system32\CRYPT32.dll
[0928/183613:ERROR:process_reader_win.cc(233)] ReadMemory at 0x73ec0000 of 64 bytes failed: Only part of a ReadProcessMemory or WriteProcessMemory request was completed. (0x12B)
[0928/183613:WARNING:pe_image_reader.cc(281)] could not read dos header from C:\Windows\system32\WINTRUST.dll
[0928/183613:ERROR:process_reader_win.cc(233)] ReadMemory at 0x6bbd0000 of 64 bytes failed: Only part of a ReadProcessMemory or WriteProcessMemory request was completed. (0x12B)
[0928/183613:WARNING:pe_image_reader.cc(281)] could not read dos header from C:\Windows\SYSTEM32\Secur32.dll
[0928/183613:ERROR:process_reader_win.cc(233)] ReadMemory at 0x73a90000 of 64 bytes failed: Only part of a ReadProcessMemory or WriteProcessMemory request was completed. (0x12B)
[0928/183613:WARNING:pe_image_reader.cc(281)] could not read dos header from C:\Windows\SYSTEM32\SSPICLI.DLL
[0928/183613:ERROR:process_reader_win.cc(233)] ReadMemory at 0x51490000 of 64 bytes failed: Only part of a ReadProcessMemory or WriteProcessMemory request was completed. (0x12B)
[0928/183613:WARNING:pe_image_reader.cc(281)] could not read dos header from C:\Program Files\Google\Chrome\Application\53.0.2785.116\chrome_child.dll
[0928/183613:ERROR:process_reader_win.cc(233)] ReadMemory at 0x6ed00000 of 64 bytes failed: Only part of a ReadProcessMemory or WriteProcessMemory request was completed. (0x12B)
[0928/183613:WARNING:pe_image_reader.cc(281)] could not read dos header from C:\Windows\SYSTEM32\dwrite.dll
[0928/183614:ERROR:process_reader_win.cc(233)] ReadMemory at 0x392000 of 57344 bytes failed: Only part of a ReadProcessMemory or WriteProcessMemory request was completed. (0x12B)
[0928/183614:ERROR:crash_report_exception_handler.cc(98)] WriteEverything failed
[0928/183614:ERROR:scoped_process_suspend.cc(38)] NtResumeProcess: An attempt was made to access an exiting process.  (0xc000010a)
